[0.731s] Invoking command in '/home/adrian/Desktop/ROS2_playground/SCARA_robot/software/ros_scara_ws/src/scara_control': DEBUGINFOD_URLS=https://debuginfod.ubuntu.com PYTHONPATH=/home/adrian/Desktop/ROS2_playground/SCARA_robot/software/ros_scara_ws/build/scara_control/prefix_override:/usr/lib/python3/dist-packages/colcon_core/task/python/colcon_distutils_commands:/home/adrian/Desktop/ROS2_playground/SCARA_robot/software/ros_scara_ws/install/scara_control/lib/python3.12/site-packages:/home/adrian/Desktop/ROS2_playground/SCARA_robot/software/ros_scara_ws/install/custom_msg_svrs/lib/python3.12/site-packages:/home/adrian/Desktop/ROS2_playground/SCARA_robot/software/ros_scara_ws/install/scara_control/lib/python3.12/site-packages:/opt/ros/jazzy/lib/python3.12/site-packages /usr/bin/python3 -W ignore:setup.py install is deprecated -W ignore:easy_install command is deprecated setup.py egg_info --egg-base ../../build/scara_control build --build-base /home/adrian/Desktop/ROS2_playground/SCARA_robot/software/ros_scara_ws/build/scara_control/build install --record /home/adrian/Desktop/ROS2_playground/SCARA_robot/software/ros_scara_ws/build/scara_control/install.log --single-version-externally-managed install_data
[0.976s] running egg_info
[0.995s] writing ../../build/scara_control/scara_control.egg-info/PKG-INFO
[0.995s] writing dependency_links to ../../build/scara_control/scara_control.egg-info/dependency_links.txt
[0.995s] writing entry points to ../../build/scara_control/scara_control.egg-info/entry_points.txt
[0.995s] writing requirements to ../../build/scara_control/scara_control.egg-info/requires.txt
[0.995s] writing top-level names to ../../build/scara_control/scara_control.egg-info/top_level.txt
[1.033s] reading manifest file '../../build/scara_control/scara_control.egg-info/SOURCES.txt'
[1.033s] adding license file 'LICENSE'
[1.034s] writing manifest file '../../build/scara_control/scara_control.egg-info/SOURCES.txt'
[1.034s] running build
[1.034s] running build_py
[1.034s] copying scara_control/read_encoders_node.py -> /home/adrian/Desktop/ROS2_playground/SCARA_robot/software/ros_scara_ws/build/scara_control/build/lib/scara_control
[1.034s] running install
[1.039s] running install_lib
[1.059s] copying /home/adrian/Desktop/ROS2_playground/SCARA_robot/software/ros_scara_ws/build/scara_control/build/lib/scara_control/read_encoders_node.py -> /home/adrian/Desktop/ROS2_playground/SCARA_robot/software/ros_scara_ws/install/scara_control/lib/python3.12/site-packages/scara_control
[1.059s] byte-compiling /home/adrian/Desktop/ROS2_playground/SCARA_robot/software/ros_scara_ws/install/scara_control/lib/python3.12/site-packages/scara_control/read_encoders_node.py to read_encoders_node.cpython-312.pyc
[1.060s] running install_data
[1.060s] running install_egg_info
[1.079s] removing '/home/adrian/Desktop/ROS2_playground/SCARA_robot/software/ros_scara_ws/install/scara_control/lib/python3.12/site-packages/scara_control-0.0.0-py3.12.egg-info' (and everything under it)
[1.080s] Copying ../../build/scara_control/scara_control.egg-info to /home/adrian/Desktop/ROS2_playground/SCARA_robot/software/ros_scara_ws/install/scara_control/lib/python3.12/site-packages/scara_control-0.0.0-py3.12.egg-info
[1.081s] running install_scripts
[1.210s] Installing move_motor_node script to /home/adrian/Desktop/ROS2_playground/SCARA_robot/software/ros_scara_ws/install/scara_control/lib/scara_control
[1.210s] Installing read_encoders_node script to /home/adrian/Desktop/ROS2_playground/SCARA_robot/software/ros_scara_ws/install/scara_control/lib/scara_control
[1.210s] writing list of installed files to '/home/adrian/Desktop/ROS2_playground/SCARA_robot/software/ros_scara_ws/build/scara_control/install.log'
[1.235s] Invoked command in '/home/adrian/Desktop/ROS2_playground/SCARA_robot/software/ros_scara_ws/src/scara_control' returned '0': DEBUGINFOD_URLS=https://debuginfod.ubuntu.com PYTHONPATH=/home/adrian/Desktop/ROS2_playground/SCARA_robot/software/ros_scara_ws/build/scara_control/prefix_override:/usr/lib/python3/dist-packages/colcon_core/task/python/colcon_distutils_commands:/home/adrian/Desktop/ROS2_playground/SCARA_robot/software/ros_scara_ws/install/scara_control/lib/python3.12/site-packages:/home/adrian/Desktop/ROS2_playground/SCARA_robot/software/ros_scara_ws/install/custom_msg_svrs/lib/python3.12/site-packages:/home/adrian/Desktop/ROS2_playground/SCARA_robot/software/ros_scara_ws/install/scara_control/lib/python3.12/site-packages:/opt/ros/jazzy/lib/python3.12/site-packages /usr/bin/python3 -W ignore:setup.py install is deprecated -W ignore:easy_install command is deprecated setup.py egg_info --egg-base ../../build/scara_control build --build-base /home/adrian/Desktop/ROS2_playground/SCARA_robot/software/ros_scara_ws/build/scara_control/build install --record /home/adrian/Desktop/ROS2_playground/SCARA_robot/software/ros_scara_ws/build/scara_control/install.log --single-version-externally-managed install_data
