[0.000000] (-) TimerEvent: {}
[0.000357] (custom_msg_svrs) JobQueued: {'identifier': 'custom_msg_svrs', 'dependencies': OrderedDict()}
[0.000390] (scara_control) JobQueued: {'identifier': 'scara_control', 'dependencies': OrderedDict({'custom_msg_svrs': '/home/adrian/Desktop/ROS2_playground/SCARA_robot/software/ros_scara_ws/install/custom_msg_svrs'})}
[0.000420] (custom_msg_svrs) JobStarted: {'identifier': 'custom_msg_svrs'}
[0.007990] (custom_msg_svrs) JobProgress: {'identifier': 'custom_msg_svrs', 'progress': 'cmake'}
[0.008605] (custom_msg_svrs) Command: {'cmd': ['/usr/bin/cmake', '/home/adrian/Desktop/ROS2_playground/SCARA_robot/software/ros_scara_ws/src/custom_msg_svrs', '-DCMAKE_INSTALL_PREFIX=/home/adrian/Desktop/ROS2_playground/SCARA_robot/software/ros_scara_ws/install/custom_msg_svrs'], 'cwd': '/home/adrian/Desktop/ROS2_playground/SCARA_robot/software/ros_scara_ws/build/custom_msg_svrs', 'env': OrderedDict({'TMUX': '/tmp/tmux-1000/default,6050,0', 'LANGUAGE': 'en_US:en', 'LC_TIME': 'es_MX.UTF-8', 'USER': 'adrian', 'GZ_CONFIG_PATH': '/opt/ros/jazzy/opt/gz_sim_vendor/share/gz:/opt/ros/jazzy/opt/sdformat_vendor/share/gz:/opt/ros/jazzy/opt/gz_gui_vendor/share/gz:/opt/ros/jazzy/opt/gz_transport_vendor/share/gz:/opt/ros/jazzy/opt/gz_rendering_vendor/share/gz:/opt/ros/jazzy/opt/gz_plugin_vendor/share/gz:/opt/ros/jazzy/opt/gz_fuel_tools_vendor/share/gz:/opt/ros/jazzy/opt/gz_msgs_vendor/share/gz:/opt/ros/jazzy/opt/gz_common_vendor/share/gz', 'PT8HOME': '/opt/pt', 'XDG_SESSION_TYPE': 'x11', 'LD_LIBRARY_PATH': '/home/adrian/Desktop/ROS2_playground/SCARA_robot/software/ros_scara_ws/install/custom_msg_svrs/lib:/opt/ros/jazzy/opt/gz_sim_vendor/lib:/opt/ros/jazzy/opt/gz_sensors_vendor/lib:/opt/ros/jazzy/opt/gz_physics_vendor/lib:/opt/ros/jazzy/opt/sdformat_vendor/lib:/opt/ros/jazzy/opt/rviz_ogre_vendor/lib:/opt/ros/jazzy/lib/x86_64-linux-gnu:/opt/ros/jazzy/opt/gz_gui_vendor/lib:/opt/ros/jazzy/opt/gz_transport_vendor/lib:/opt/ros/jazzy/opt/gz_rendering_vendor/lib:/opt/ros/jazzy/opt/gz_plugin_vendor/lib:/opt/ros/jazzy/opt/gz_fuel_tools_vendor/lib:/opt/ros/jazzy/opt/gz_msgs_vendor/lib:/opt/ros/jazzy/opt/gz_common_vendor/lib:/opt/ros/jazzy/opt/gz_math_vendor/lib:/opt/ros/jazzy/opt/gz_utils_vendor/lib:/opt/ros/jazzy/opt/gz_tools_vendor/lib:/opt/ros/jazzy/opt/gz_ogre_next_vendor/lib:/opt/ros/jazzy/opt/gz_dartsim_vendor/lib:/opt/ros/jazzy/opt/gz_cmake_vendor/lib:/opt/ros/jazzy/lib', 'SHLVL': '2', 'HOME': '/home/adrian', 'OLDPWD': '/home/adrian/Desktop/ROS2_playground/SCARA_robot/software/ros_scara_ws', 'DESKTOP_SESSION': 'ubuntu', 'TERM_PROGRAM_VERSION': '3.4', 'GNOME_SHELL_SESSION_MODE': 'ubuntu', 'GTK_MODULES': 'gail:atk-bridge', 'ROS_PYTHON_VERSION': '3', 'LC_MONETARY': 'es_MX.UTF-8', 'DBUS_SESSION_BUS_ADDRESS': 'unix:path=/run/user/1000/bus', 'GSM_SKIP_SSH_AGENT_WORKAROUND': 'true', 'P9K_TTY': 'old', 'SYSTEMD_EXEC_PID': '2363', 'COLORTERM': 'truecolor', 'DEBUGINFOD_URLS': 'https://debuginfod.ubuntu.com', 'GNOME_KEYRING_CONTROL': '/run/user/1000/keyring', 'ZPFX': '/home/adrian/.local/share/zinit/polaris', 'ROS_DISTRO': 'jazzy', 'COLCON_PREFIX_PATH': '/home/adrian/Desktop/ROS2_playground/SCARA_robot/software/ros_scara_ws/install', 'LOGNAME': 'adrian', '_': '/usr/bin/colcon', '_P9K_SSH_TTY': '/dev/pts/5', 'MEMORY_PRESSURE_WATCH': '/sys/fs/cgroup/user.slice/user-1000.slice/user@1000.service/session.slice/org.gnome.SettingsDaemon.MediaKeys.service/memory.pressure', 'ROS_VERSION': '2', 'XDG_SESSION_CLASS': 'user', 'FUNCNEST': '100', 'TERM': 'screen-256color', 'USERNAME': 'adrian', 'GNOME_DESKTOP_SESSION_ID': 'this-is-deprecated', 'PMSPEC': '0uUpiPsf', 'WINDOWPATH': '2', 'ZSH_CACHE_DIR': '/home/adrian/.cache/zinit', 'PATH': '/opt/ros/jazzy/opt/gz_msgs_vendor/bin:/opt/ros/jazzy/opt/gz_tools_vendor/bin:/opt/ros/jazzy/opt/gz_ogre_next_vendor/bin:/opt/ros/jazzy/bin:/home/adrian/.local/share/zinit/polaris/bin:/home/adrian/.local/bin:/usr/local/sbin:/usr/local/bin:/usr/sbin:/usr/bin:/sbin:/bin:/usr/games:/usr/local/games:/snap/bin:/snap/bin', 'PAPERSIZE': 'letter', 'SESSION_MANAGER': 'local/laptop:@/tmp/.ICE-unix/2196,unix/laptop:/tmp/.ICE-unix/2196', 'GNOME_TERMINAL_SCREEN': '/org/gnome/Terminal/screen/2bf9bf70_1ad7_4f5c_b254_fe3dbd211890', 'LC_ADDRESS': 'es_MX.UTF-8', 'XDG_MENU_PREFIX': 'gnome-', 'XDG_RUNTIME_DIR': '/run/user/1000', 'DISPLAY': ':0', 'LANG': 'en_US.UTF-8', 'LC_TELEPHONE': 'es_MX.UTF-8', 'XDG_CURRENT_DESKTOP': 'ubuntu:GNOME', 'GNOME_TERMINAL_SERVICE': ':1.134', 'TERM_PROGRAM': 'tmux', 'XAUTHORITY': '/run/user/1000/gdm/Xauthority', 'XDG_SESSION_DESKTOP': 'ubuntu', 'XMODIFIERS': '@im=ibus', 'AMENT_PREFIX_PATH': '/home/adrian/Desktop/ROS2_playground/SCARA_robot/software/ros_scara_ws/install/scara_control:/home/adrian/Desktop/ROS2_playground/SCARA_robot/software/ros_scara_ws/install/custom_msg_svrs:/opt/ros/jazzy', 'ROS_DOMAIN_ID': '0', 'SSH_AUTH_SOCK': '/run/user/1000/keyring/ssh', 'LC_NAME': 'es_MX.UTF-8', 'SHELL': '/bin/zsh', 'GDMSESSION': 'ubuntu', 'QT_ACCESSIBILITY': '1', 'IGN_GAZEBO_RESOURCE_PATH': '/opt/ros/jazzy/share', 'LC_MEASUREMENT': 'es_MX.UTF-8', 'GPG_AGENT_INFO': '/run/user/1000/gnupg/S.gpg-agent:0:1', 'LC_IDENTIFICATION': 'es_MX.UTF-8', 'P9K_SSH': '0', 'QT_IM_MODULE': 'ibus', 'ROS_AUTOMATIC_DISCOVERY_RANGE': 'SUBNET', 'LC_ALL': 'en_US.UTF-8', 'PWD': '/home/adrian/Desktop/ROS2_playground/SCARA_robot/software/ros_scara_ws/build/custom_msg_svrs', 'XDG_CONFIG_DIRS': '/etc/xdg/xdg-ubuntu:/etc/xdg', 'XDG_DATA_DIRS': '/usr/share/ubuntu:/usr/share/gnome:/usr/local/share/:/usr/share/:/var/lib/snapd/desktop', '_P9K_TTY': '/dev/pts/5', 'LC_NUMERIC': 'es_MX.UTF-8', 'PYTHONPATH': '/home/adrian/Desktop/ROS2_playground/SCARA_robot/software/ros_scara_ws/install/scara_control/lib/python3.12/site-packages:/home/adrian/Desktop/ROS2_playground/SCARA_robot/software/ros_scara_ws/install/custom_msg_svrs/lib/python3.12/site-packages:/opt/ros/jazzy/lib/python3.12/site-packages', 'LC_PAPER': 'es_MX.UTF-8', 'TMUX_PLUGIN_MANAGER_PATH': '/home/adrian/.tmux/plugins/', 'COLCON': '1', 'MEMORY_PRESSURE_WRITE': 'c29tZSAyMDAwMDAgMjAwMDAwMAA=', 'TMUX_PANE': '%12', 'VTE_VERSION': '7600', 'CMAKE_PREFIX_PATH': '/home/adrian/Desktop/ROS2_playground/SCARA_robot/software/ros_scara_ws/install/custom_msg_svrs:/opt/ros/jazzy/opt/gz_sim_vendor:/opt/ros/jazzy/opt/gz_sensors_vendor:/opt/ros/jazzy/opt/gz_physics_vendor:/opt/ros/jazzy/opt/sdformat_vendor:/opt/ros/jazzy/opt/gz_gui_vendor:/opt/ros/jazzy/opt/gz_transport_vendor:/opt/ros/jazzy/opt/gz_rendering_vendor:/opt/ros/jazzy/opt/gz_plugin_vendor:/opt/ros/jazzy/opt/gz_fuel_tools_vendor:/opt/ros/jazzy/opt/gz_msgs_vendor:/opt/ros/jazzy/opt/gz_common_vendor:/opt/ros/jazzy/opt/gz_math_vendor:/opt/ros/jazzy/opt/gz_utils_vendor:/opt/ros/jazzy/opt/gz_tools_vendor:/opt/ros/jazzy/opt/gz_ogre_next_vendor:/opt/ros/jazzy/opt/gz_dartsim_vendor:/opt/ros/jazzy/opt/gz_cmake_vendor:/home/adrian/Desktop/ROS2_playground/SCARA_robot/software/ros_scara_ws/install/scara_control:/opt/ros/jazzy', 'LIBGL_DRIVERS_PATH': '/usr/lib/x86_64-linux-gnu/dri'}), 'shell': False}
[0.060812] (custom_msg_svrs) StdoutLine: {'line': b'-- The C compiler identification is GNU 13.3.0\n'}
[0.099816] (-) TimerEvent: {}
[0.112062] (custom_msg_svrs) StdoutLine: {'line': b'-- The CXX compiler identification is GNU 13.3.0\n'}
[0.128804] (custom_msg_svrs) StdoutLine: {'line': b'-- Detecting C compiler ABI info\n'}
[0.199885] (-) TimerEvent: {}
[0.216331] (custom_msg_svrs) StdoutLine: {'line': b'-- Detecting C compiler ABI info - done\n'}
[0.224074] (custom_msg_svrs) StdoutLine: {'line': b'-- Check for working C compiler: /usr/bin/cc - skipped\n'}
[0.224286] (custom_msg_svrs) StdoutLine: {'line': b'-- Detecting C compile features\n'}
[0.224615] (custom_msg_svrs) StdoutLine: {'line': b'-- Detecting C compile features - done\n'}
[0.233136] (custom_msg_svrs) StdoutLine: {'line': b'-- Detecting CXX compiler ABI info\n'}
[0.299976] (-) TimerEvent: {}
[0.328636] (custom_msg_svrs) StdoutLine: {'line': b'-- Detecting CXX compiler ABI info - done\n'}
[0.337075] (custom_msg_svrs) StdoutLine: {'line': b'-- Check for working CXX compiler: /usr/bin/c++ - skipped\n'}
[0.337372] (custom_msg_svrs) StdoutLine: {'line': b'-- Detecting CXX compile features\n'}
[0.337800] (custom_msg_svrs) StdoutLine: {'line': b'-- Detecting CXX compile features - done\n'}
[0.342132] (custom_msg_svrs) StdoutLine: {'line': b'-- Found ament_cmake: 2.5.3 (/opt/ros/jazzy/share/ament_cmake/cmake)\n'}
[0.400071] (-) TimerEvent: {}
[0.479856] (custom_msg_svrs) StdoutLine: {'line': b'-- Found Python3: /usr/bin/python3 (found version "3.12.3") found components: Interpreter \n'}
[0.500164] (-) TimerEvent: {}
[0.594808] (custom_msg_svrs) StdoutLine: {'line': b'-- Found rosidl_default_generators: 1.6.0 (/opt/ros/jazzy/share/rosidl_default_generators/cmake)\n'}
[0.600261] (-) TimerEvent: {}
[0.603174] (custom_msg_svrs) StdoutLine: {'line': b'-- Using all available rosidl_typesupport_c: rosidl_typesupport_fastrtps_c;rosidl_typesupport_introspection_c\n'}
[0.668809] (custom_msg_svrs) StdoutLine: {'line': b'-- Using all available rosidl_typesupport_cpp: rosidl_typesupport_fastrtps_cpp;rosidl_typesupport_introspection_cpp\n'}
[0.700330] (-) TimerEvent: {}
[0.721132] (custom_msg_svrs) StdoutLine: {'line': b'-- Found rosidl_adapter: 4.6.5 (/opt/ros/jazzy/share/rosidl_adapter/cmake)\n'}
[0.725510] (custom_msg_svrs) StdoutLine: {'line': b'-- Found std_msgs: 5.3.6 (/opt/ros/jazzy/share/std_msgs/cmake)\n'}
[0.800467] (-) TimerEvent: {}
[0.900685] (-) TimerEvent: {}
[1.001247] (-) TimerEvent: {}
[1.101477] (-) TimerEvent: {}
[1.201714] (-) TimerEvent: {}
[1.274463] (custom_msg_svrs) StdoutLine: {'line': b'-- Found ament_cmake_ros: 0.12.0 (/opt/ros/jazzy/share/ament_cmake_ros/cmake)\n'}
[1.301801] (-) TimerEvent: {}
[1.402010] (-) TimerEvent: {}
[1.502230] (-) TimerEvent: {}
[1.602455] (-) TimerEvent: {}
[1.674879] (custom_msg_svrs) StdoutLine: {'line': b'-- Using all available rosidl_typesupport_c: rosidl_typesupport_fastrtps_c;rosidl_typesupport_introspection_c\n'}
[1.702548] (-) TimerEvent: {}
[1.802785] (-) TimerEvent: {}
[1.903018] (-) TimerEvent: {}
[2.003235] (-) TimerEvent: {}
[2.103459] (-) TimerEvent: {}
[2.200580] (custom_msg_svrs) StdoutLine: {'line': b'-- Using all available rosidl_typesupport_cpp: rosidl_typesupport_fastrtps_cpp;rosidl_typesupport_introspection_cpp\n'}
[2.203526] (-) TimerEvent: {}
[2.204713] (custom_msg_svrs) StdoutLine: {'line': b'-- Found python_cmake_module: 0.11.1 (/opt/ros/jazzy/share/python_cmake_module/cmake)\n'}
[2.303621] (-) TimerEvent: {}
[2.322096] (custom_msg_svrs) StdoutLine: {'line': b'-- Found PythonExtra: /usr/bin/python3  \n'}
[2.403710] (-) TimerEvent: {}
[2.503952] (-) TimerEvent: {}
[2.604183] (-) TimerEvent: {}
[2.685349] (custom_msg_svrs) StdoutLine: {'line': b'-- Found Python3: /usr/bin/python3 (found version "3.12.3") found components: Interpreter Development NumPy Development.Module Development.Embed \n'}
[2.704270] (-) TimerEvent: {}
[2.728635] (custom_msg_svrs) StdoutLine: {'line': b'-- Found ament_lint_auto: 0.17.2 (/opt/ros/jazzy/share/ament_lint_auto/cmake)\n'}
[2.764844] (custom_msg_svrs) StdoutLine: {'line': b"-- Added test 'copyright' to check source files copyright and LICENSE\n"}
[2.767217] (custom_msg_svrs) StdoutLine: {'line': b"-- Added test 'lint_cmake' to check CMake code style\n"}
[2.768697] (custom_msg_svrs) StdoutLine: {'line': b"-- Added test 'xmllint' to check XML markup files\n"}
[2.772123] (custom_msg_svrs) StdoutLine: {'line': b'-- Configuring done (2.8s)\n'}
[2.804357] (-) TimerEvent: {}
[2.806922] (custom_msg_svrs) StdoutLine: {'line': b'-- Generating done (0.0s)\n'}
[2.817224] (custom_msg_svrs) StdoutLine: {'line': b'-- Build files have been written to: /home/adrian/Desktop/ROS2_playground/SCARA_robot/software/ros_scara_ws/build/custom_msg_svrs\n'}
[2.826207] (custom_msg_svrs) CommandEnded: {'returncode': 0}
[2.827593] (custom_msg_svrs) JobProgress: {'identifier': 'custom_msg_svrs', 'progress': 'build'}
[2.827723] (custom_msg_svrs) Command: {'cmd': ['/usr/bin/cmake', '--build', '/home/adrian/Desktop/ROS2_playground/SCARA_robot/software/ros_scara_ws/build/custom_msg_svrs', '--', '-j12', '-l12'], 'cwd': '/home/adrian/Desktop/ROS2_playground/SCARA_robot/software/ros_scara_ws/build/custom_msg_svrs', 'env': OrderedDict({'TMUX': '/tmp/tmux-1000/default,6050,0', 'LANGUAGE': 'en_US:en', 'LC_TIME': 'es_MX.UTF-8', 'USER': 'adrian', 'GZ_CONFIG_PATH': '/opt/ros/jazzy/opt/gz_sim_vendor/share/gz:/opt/ros/jazzy/opt/sdformat_vendor/share/gz:/opt/ros/jazzy/opt/gz_gui_vendor/share/gz:/opt/ros/jazzy/opt/gz_transport_vendor/share/gz:/opt/ros/jazzy/opt/gz_rendering_vendor/share/gz:/opt/ros/jazzy/opt/gz_plugin_vendor/share/gz:/opt/ros/jazzy/opt/gz_fuel_tools_vendor/share/gz:/opt/ros/jazzy/opt/gz_msgs_vendor/share/gz:/opt/ros/jazzy/opt/gz_common_vendor/share/gz', 'PT8HOME': '/opt/pt', 'XDG_SESSION_TYPE': 'x11', 'LD_LIBRARY_PATH': '/home/adrian/Desktop/ROS2_playground/SCARA_robot/software/ros_scara_ws/install/custom_msg_svrs/lib:/opt/ros/jazzy/opt/gz_sim_vendor/lib:/opt/ros/jazzy/opt/gz_sensors_vendor/lib:/opt/ros/jazzy/opt/gz_physics_vendor/lib:/opt/ros/jazzy/opt/sdformat_vendor/lib:/opt/ros/jazzy/opt/rviz_ogre_vendor/lib:/opt/ros/jazzy/lib/x86_64-linux-gnu:/opt/ros/jazzy/opt/gz_gui_vendor/lib:/opt/ros/jazzy/opt/gz_transport_vendor/lib:/opt/ros/jazzy/opt/gz_rendering_vendor/lib:/opt/ros/jazzy/opt/gz_plugin_vendor/lib:/opt/ros/jazzy/opt/gz_fuel_tools_vendor/lib:/opt/ros/jazzy/opt/gz_msgs_vendor/lib:/opt/ros/jazzy/opt/gz_common_vendor/lib:/opt/ros/jazzy/opt/gz_math_vendor/lib:/opt/ros/jazzy/opt/gz_utils_vendor/lib:/opt/ros/jazzy/opt/gz_tools_vendor/lib:/opt/ros/jazzy/opt/gz_ogre_next_vendor/lib:/opt/ros/jazzy/opt/gz_dartsim_vendor/lib:/opt/ros/jazzy/opt/gz_cmake_vendor/lib:/opt/ros/jazzy/lib', 'SHLVL': '2', 'HOME': '/home/adrian', 'OLDPWD': '/home/adrian/Desktop/ROS2_playground/SCARA_robot/software/ros_scara_ws', 'DESKTOP_SESSION': 'ubuntu', 'TERM_PROGRAM_VERSION': '3.4', 'GNOME_SHELL_SESSION_MODE': 'ubuntu', 'GTK_MODULES': 'gail:atk-bridge', 'ROS_PYTHON_VERSION': '3', 'LC_MONETARY': 'es_MX.UTF-8', 'DBUS_SESSION_BUS_ADDRESS': 'unix:path=/run/user/1000/bus', 'GSM_SKIP_SSH_AGENT_WORKAROUND': 'true', 'P9K_TTY': 'old', 'SYSTEMD_EXEC_PID': '2363', 'COLORTERM': 'truecolor', 'DEBUGINFOD_URLS': 'https://debuginfod.ubuntu.com', 'GNOME_KEYRING_CONTROL': '/run/user/1000/keyring', 'ZPFX': '/home/adrian/.local/share/zinit/polaris', 'ROS_DISTRO': 'jazzy', 'COLCON_PREFIX_PATH': '/home/adrian/Desktop/ROS2_playground/SCARA_robot/software/ros_scara_ws/install', 'LOGNAME': 'adrian', '_': '/usr/bin/colcon', '_P9K_SSH_TTY': '/dev/pts/5', 'MEMORY_PRESSURE_WATCH': '/sys/fs/cgroup/user.slice/user-1000.slice/user@1000.service/session.slice/org.gnome.SettingsDaemon.MediaKeys.service/memory.pressure', 'ROS_VERSION': '2', 'XDG_SESSION_CLASS': 'user', 'FUNCNEST': '100', 'TERM': 'screen-256color', 'USERNAME': 'adrian', 'GNOME_DESKTOP_SESSION_ID': 'this-is-deprecated', 'PMSPEC': '0uUpiPsf', 'WINDOWPATH': '2', 'ZSH_CACHE_DIR': '/home/adrian/.cache/zinit', 'PATH': '/opt/ros/jazzy/opt/gz_msgs_vendor/bin:/opt/ros/jazzy/opt/gz_tools_vendor/bin:/opt/ros/jazzy/opt/gz_ogre_next_vendor/bin:/opt/ros/jazzy/bin:/home/adrian/.local/share/zinit/polaris/bin:/home/adrian/.local/bin:/usr/local/sbin:/usr/local/bin:/usr/sbin:/usr/bin:/sbin:/bin:/usr/games:/usr/local/games:/snap/bin:/snap/bin', 'PAPERSIZE': 'letter', 'SESSION_MANAGER': 'local/laptop:@/tmp/.ICE-unix/2196,unix/laptop:/tmp/.ICE-unix/2196', 'GNOME_TERMINAL_SCREEN': '/org/gnome/Terminal/screen/2bf9bf70_1ad7_4f5c_b254_fe3dbd211890', 'LC_ADDRESS': 'es_MX.UTF-8', 'XDG_MENU_PREFIX': 'gnome-', 'XDG_RUNTIME_DIR': '/run/user/1000', 'DISPLAY': ':0', 'LANG': 'en_US.UTF-8', 'LC_TELEPHONE': 'es_MX.UTF-8', 'XDG_CURRENT_DESKTOP': 'ubuntu:GNOME', 'GNOME_TERMINAL_SERVICE': ':1.134', 'TERM_PROGRAM': 'tmux', 'XAUTHORITY': '/run/user/1000/gdm/Xauthority', 'XDG_SESSION_DESKTOP': 'ubuntu', 'XMODIFIERS': '@im=ibus', 'AMENT_PREFIX_PATH': '/home/adrian/Desktop/ROS2_playground/SCARA_robot/software/ros_scara_ws/install/scara_control:/home/adrian/Desktop/ROS2_playground/SCARA_robot/software/ros_scara_ws/install/custom_msg_svrs:/opt/ros/jazzy', 'ROS_DOMAIN_ID': '0', 'SSH_AUTH_SOCK': '/run/user/1000/keyring/ssh', 'LC_NAME': 'es_MX.UTF-8', 'SHELL': '/bin/zsh', 'GDMSESSION': 'ubuntu', 'QT_ACCESSIBILITY': '1', 'IGN_GAZEBO_RESOURCE_PATH': '/opt/ros/jazzy/share', 'LC_MEASUREMENT': 'es_MX.UTF-8', 'GPG_AGENT_INFO': '/run/user/1000/gnupg/S.gpg-agent:0:1', 'LC_IDENTIFICATION': 'es_MX.UTF-8', 'P9K_SSH': '0', 'QT_IM_MODULE': 'ibus', 'ROS_AUTOMATIC_DISCOVERY_RANGE': 'SUBNET', 'LC_ALL': 'en_US.UTF-8', 'PWD': '/home/adrian/Desktop/ROS2_playground/SCARA_robot/software/ros_scara_ws/build/custom_msg_svrs', 'XDG_CONFIG_DIRS': '/etc/xdg/xdg-ubuntu:/etc/xdg', 'XDG_DATA_DIRS': '/usr/share/ubuntu:/usr/share/gnome:/usr/local/share/:/usr/share/:/var/lib/snapd/desktop', '_P9K_TTY': '/dev/pts/5', 'LC_NUMERIC': 'es_MX.UTF-8', 'PYTHONPATH': '/home/adrian/Desktop/ROS2_playground/SCARA_robot/software/ros_scara_ws/install/scara_control/lib/python3.12/site-packages:/home/adrian/Desktop/ROS2_playground/SCARA_robot/software/ros_scara_ws/install/custom_msg_svrs/lib/python3.12/site-packages:/opt/ros/jazzy/lib/python3.12/site-packages', 'LC_PAPER': 'es_MX.UTF-8', 'TMUX_PLUGIN_MANAGER_PATH': '/home/adrian/.tmux/plugins/', 'COLCON': '1', 'MEMORY_PRESSURE_WRITE': 'c29tZSAyMDAwMDAgMjAwMDAwMAA=', 'TMUX_PANE': '%12', 'VTE_VERSION': '7600', 'CMAKE_PREFIX_PATH': '/home/adrian/Desktop/ROS2_playground/SCARA_robot/software/ros_scara_ws/install/custom_msg_svrs:/opt/ros/jazzy/opt/gz_sim_vendor:/opt/ros/jazzy/opt/gz_sensors_vendor:/opt/ros/jazzy/opt/gz_physics_vendor:/opt/ros/jazzy/opt/sdformat_vendor:/opt/ros/jazzy/opt/gz_gui_vendor:/opt/ros/jazzy/opt/gz_transport_vendor:/opt/ros/jazzy/opt/gz_rendering_vendor:/opt/ros/jazzy/opt/gz_plugin_vendor:/opt/ros/jazzy/opt/gz_fuel_tools_vendor:/opt/ros/jazzy/opt/gz_msgs_vendor:/opt/ros/jazzy/opt/gz_common_vendor:/opt/ros/jazzy/opt/gz_math_vendor:/opt/ros/jazzy/opt/gz_utils_vendor:/opt/ros/jazzy/opt/gz_tools_vendor:/opt/ros/jazzy/opt/gz_ogre_next_vendor:/opt/ros/jazzy/opt/gz_dartsim_vendor:/opt/ros/jazzy/opt/gz_cmake_vendor:/home/adrian/Desktop/ROS2_playground/SCARA_robot/software/ros_scara_ws/install/scara_control:/opt/ros/jazzy', 'LIBGL_DRIVERS_PATH': '/usr/lib/x86_64-linux-gnu/dri'}), 'shell': False}
[2.882645] (custom_msg_svrs) StdoutLine: {'line': b'[  2%] \x1b[34m\x1b[1mGenerating type hashes for ROS interfaces\x1b[0m\n'}
[2.892346] (custom_msg_svrs) StdoutLine: {'line': b'[  2%] Built target ament_cmake_python_copy_custom_msg_svrs\n'}
[2.904450] (-) TimerEvent: {}
[3.004673] (-) TimerEvent: {}
[3.076411] (custom_msg_svrs) StdoutLine: {'line': b'[  2%] Built target custom_msg_svrs__rosidl_generator_type_description\n'}
[3.088020] (custom_msg_svrs) StdoutLine: {'line': b'[  5%] \x1b[34m\x1b[1mGenerating C code for ROS interfaces\x1b[0m\n'}
[3.095473] (custom_msg_svrs) StdoutLine: {'line': b'running egg_info\n'}
[3.096228] (custom_msg_svrs) StdoutLine: {'line': b'creating custom_msg_svrs.egg-info\n'}
[3.100601] (custom_msg_svrs) StdoutLine: {'line': b'[  8%] \x1b[34m\x1b[1mGenerating C++ code for ROS interfaces\x1b[0m\n'}
[3.104748] (-) TimerEvent: {}
[3.116159] (custom_msg_svrs) StdoutLine: {'line': b'writing custom_msg_svrs.egg-info/PKG-INFO\n'}
[3.116365] (custom_msg_svrs) StdoutLine: {'line': b'writing dependency_links to custom_msg_svrs.egg-info/dependency_links.txt\n'}
[3.116524] (custom_msg_svrs) StdoutLine: {'line': b'writing top-level names to custom_msg_svrs.egg-info/top_level.txt\n'}
[3.116615] (custom_msg_svrs) StdoutLine: {'line': b"writing manifest file 'custom_msg_svrs.egg-info/SOURCES.txt'\n"}
[3.174927] (custom_msg_svrs) StdoutLine: {'line': b"reading manifest file 'custom_msg_svrs.egg-info/SOURCES.txt'\n"}
[3.175384] (custom_msg_svrs) StdoutLine: {'line': b"writing manifest file 'custom_msg_svrs.egg-info/SOURCES.txt'\n"}
[3.199986] (custom_msg_svrs) StdoutLine: {'line': b'[  8%] Built target ament_cmake_python_build_custom_msg_svrs_egg\n'}
[3.204941] (-) TimerEvent: {}
[3.305130] (-) TimerEvent: {}
[3.368905] (custom_msg_svrs) StdoutLine: {'line': b'[  8%] Built target custom_msg_svrs__cpp\n'}
[3.369722] (custom_msg_svrs) StdoutLine: {'line': b'[ 14%] \x1b[32mBuilding C object CMakeFiles/custom_msg_svrs__rosidl_generator_c.dir/rosidl_generator_c/custom_msg_svrs/srv/detail/motor_control__functions.c.o\x1b[0m\n'}
[3.369872] (custom_msg_svrs) StdoutLine: {'line': b'[ 17%] \x1b[32mBuilding C object CMakeFiles/custom_msg_svrs__rosidl_generator_c.dir/rosidl_generator_c/custom_msg_svrs/srv/detail/motor_control__description.c.o\x1b[0m\n'}
[3.369979] (custom_msg_svrs) StdoutLine: {'line': b'[ 17%] \x1b[32mBuilding C object CMakeFiles/custom_msg_svrs__rosidl_generator_c.dir/rosidl_generator_c/custom_msg_svrs/srv/detail/motor_control__type_support.c.o\x1b[0m\n'}
[3.405216] (-) TimerEvent: {}
[3.434245] (custom_msg_svrs) StdoutLine: {'line': b'[ 20%] \x1b[32m\x1b[1mLinking C shared library libcustom_msg_svrs__rosidl_generator_c.so\x1b[0m\n'}
[3.471769] (custom_msg_svrs) StdoutLine: {'line': b'[ 20%] Built target custom_msg_svrs__rosidl_generator_c\n'}
[3.483733] (custom_msg_svrs) StdoutLine: {'line': b'[ 29%] \x1b[34m\x1b[1mGenerating C++ introspection for ROS interfaces\x1b[0m\n'}
[3.484014] (custom_msg_svrs) StdoutLine: {'line': b'[ 29%] \x1b[34m\x1b[1mGenerating C type support dispatch for ROS interfaces\x1b[0m\n'}
[3.484117] (custom_msg_svrs) StdoutLine: {'line': b'[ 29%] \x1b[34m\x1b[1mGenerating C++ type support dispatch for ROS interfaces\x1b[0m\n'}
[3.484207] (custom_msg_svrs) StdoutLine: {'line': b'[ 32%] \x1b[34m\x1b[1mGenerating C introspection for ROS interfaces\x1b[0m\n'}
[3.484293] (custom_msg_svrs) StdoutLine: {'line': b'[ 35%] \x1b[34m\x1b[1mGenerating C++ type support for eProsima Fast-RTPS\x1b[0m\n'}
[3.485837] (custom_msg_svrs) StdoutLine: {'line': b'[ 38%] \x1b[34m\x1b[1mGenerating C type support for eProsima Fast-RTPS\x1b[0m\n'}
[3.505343] (-) TimerEvent: {}
[3.605686] (-) TimerEvent: {}
[3.705953] (-) TimerEvent: {}
[3.719009] (custom_msg_svrs) StdoutLine: {'line': b'[ 44%] \x1b[32mBuilding CXX object CMakeFiles/custom_msg_svrs__rosidl_typesupport_cpp.dir/rosidl_typesupport_cpp/custom_msg_svrs/srv/motor_control__type_support.cpp.o\x1b[0m\n'}
[3.719257] (custom_msg_svrs) StdoutLine: {'line': b'[ 44%] \x1b[32mBuilding CXX object CMakeFiles/custom_msg_svrs__rosidl_typesupport_c.dir/rosidl_typesupport_c/custom_msg_svrs/srv/motor_control__type_support.cpp.o\x1b[0m\n'}
[3.756663] (custom_msg_svrs) StdoutLine: {'line': b'[ 47%] \x1b[32mBuilding C object CMakeFiles/custom_msg_svrs__rosidl_typesupport_introspection_c.dir/rosidl_typesupport_introspection_c/custom_msg_svrs/srv/detail/motor_control__type_support.c.o\x1b[0m\n'}
[3.769926] (custom_msg_svrs) StdoutLine: {'line': b'[ 50%] \x1b[32m\x1b[1mLinking CXX shared library libcustom_msg_svrs__rosidl_typesupport_c.so\x1b[0m\n'}
[3.776236] (custom_msg_svrs) StdoutLine: {'line': b'[ 52%] \x1b[32mBuilding CXX object CMakeFiles/custom_msg_svrs__rosidl_typesupport_introspection_cpp.dir/rosidl_typesupport_introspection_cpp/custom_msg_svrs/srv/detail/motor_control__type_support.cpp.o\x1b[0m\n'}
[3.798805] (custom_msg_svrs) StdoutLine: {'line': b'[ 55%] \x1b[32mBuilding CXX object CMakeFiles/custom_msg_svrs__rosidl_typesupport_fastrtps_c.dir/rosidl_typesupport_fastrtps_c/custom_msg_svrs/srv/detail/motor_control__type_support_c.cpp.o\x1b[0m\n'}
[3.799556] (custom_msg_svrs) StdoutLine: {'line': b'[ 58%] \x1b[32mBuilding CXX object CMakeFiles/custom_msg_svrs__rosidl_typesupport_fastrtps_cpp.dir/rosidl_typesupport_fastrtps_cpp/custom_msg_svrs/srv/detail/dds_fastrtps/motor_control__type_support.cpp.o\x1b[0m\n'}
[3.805978] (custom_msg_svrs) StdoutLine: {'line': b'[ 61%] \x1b[32m\x1b[1mLinking C shared library libcustom_msg_svrs__rosidl_typesupport_introspection_c.so\x1b[0m\n'}
[3.806227] (-) TimerEvent: {}
[3.812451] (custom_msg_svrs) StdoutLine: {'line': b'[ 61%] Built target custom_msg_svrs__rosidl_typesupport_c\n'}
[3.845318] (custom_msg_svrs) StdoutLine: {'line': b'[ 61%] Built target custom_msg_svrs__rosidl_typesupport_introspection_c\n'}
[3.906345] (-) TimerEvent: {}
[4.006619] (-) TimerEvent: {}
[4.065825] (custom_msg_svrs) StdoutLine: {'line': b'[ 64%] \x1b[32m\x1b[1mLinking CXX shared library libcustom_msg_svrs__rosidl_typesupport_cpp.so\x1b[0m\n'}
[4.106735] (-) TimerEvent: {}
[4.145419] (custom_msg_svrs) StdoutLine: {'line': b'[ 67%] \x1b[32m\x1b[1mLinking CXX shared library libcustom_msg_svrs__rosidl_typesupport_introspection_cpp.so\x1b[0m\n'}
[4.147176] (custom_msg_svrs) StdoutLine: {'line': b'[ 67%] Built target custom_msg_svrs__rosidl_typesupport_cpp\n'}
[4.206828] (-) TimerEvent: {}
[4.218182] (custom_msg_svrs) StdoutLine: {'line': b'[ 67%] Built target custom_msg_svrs__rosidl_typesupport_introspection_cpp\n'}
[4.241119] (custom_msg_svrs) StdoutLine: {'line': b'[ 70%] \x1b[32m\x1b[1mLinking CXX shared library libcustom_msg_svrs__rosidl_typesupport_fastrtps_c.so\x1b[0m\n'}
[4.306932] (-) TimerEvent: {}
[4.312098] (custom_msg_svrs) StdoutLine: {'line': b'[ 70%] Built target custom_msg_svrs__rosidl_typesupport_fastrtps_c\n'}
[4.336799] (custom_msg_svrs) StdoutLine: {'line': b'[ 73%] \x1b[32m\x1b[1mLinking CXX shared library libcustom_msg_svrs__rosidl_typesupport_fastrtps_cpp.so\x1b[0m\n'}
[4.406703] (custom_msg_svrs) StdoutLine: {'line': b'[ 73%] Built target custom_msg_svrs__rosidl_typesupport_fastrtps_cpp\n'}
[4.406958] (-) TimerEvent: {}
[4.427729] (custom_msg_svrs) StdoutLine: {'line': b'[ 73%] Built target custom_msg_svrs\n'}
[4.449392] (custom_msg_svrs) StdoutLine: {'line': b'[ 76%] \x1b[34m\x1b[1mGenerating Python code for ROS interfaces\x1b[0m\n'}
[4.507054] (-) TimerEvent: {}
[4.607297] (-) TimerEvent: {}
[4.707604] (-) TimerEvent: {}
[4.789662] (custom_msg_svrs) StdoutLine: {'line': b'[ 76%] Built target custom_msg_svrs__py\n'}
[4.807700] (-) TimerEvent: {}
[4.812167] (custom_msg_svrs) StdoutLine: {'line': b'[ 79%] \x1b[32mBuilding C object CMakeFiles/custom_msg_svrs__rosidl_generator_py.dir/rosidl_generator_py/custom_msg_svrs/srv/_motor_control_s.c.o\x1b[0m\n'}
[4.907791] (-) TimerEvent: {}
[4.938013] (custom_msg_svrs) StdoutLine: {'line': b'[ 82%] \x1b[32m\x1b[1mLinking C shared library libcustom_msg_svrs__rosidl_generator_py.so\x1b[0m\n'}
[4.981586] (custom_msg_svrs) StdoutLine: {'line': b'[ 82%] Built target custom_msg_svrs__rosidl_generator_py\n'}
[5.003342] (custom_msg_svrs) StdoutLine: {'line': b'[ 91%] \x1b[32mBuilding C object CMakeFiles/custom_msg_svrs_s__rosidl_typesupport_fastrtps_c.dir/rosidl_generator_py/custom_msg_svrs/_custom_msg_svrs_s.ep.rosidl_typesupport_fastrtps_c.c.o\x1b[0m\n'}
[5.003536] (custom_msg_svrs) StdoutLine: {'line': b'[ 91%] \x1b[32mBuilding C object CMakeFiles/custom_msg_svrs_s__rosidl_typesupport_introspection_c.dir/rosidl_generator_py/custom_msg_svrs/_custom_msg_svrs_s.ep.rosidl_typesupport_introspection_c.c.o\x1b[0m\n'}
[5.003609] (custom_msg_svrs) StdoutLine: {'line': b'[ 91%] \x1b[32mBuilding C object CMakeFiles/custom_msg_svrs_s__rosidl_typesupport_c.dir/rosidl_generator_py/custom_msg_svrs/_custom_msg_svrs_s.ep.rosidl_typesupport_c.c.o\x1b[0m\n'}
[5.007872] (-) TimerEvent: {}
[5.097662] (custom_msg_svrs) StdoutLine: {'line': b'[ 94%] \x1b[32m\x1b[1mLinking C shared module rosidl_generator_py/custom_msg_svrs/custom_msg_svrs_s__rosidl_typesupport_c.so\x1b[0m\n'}
[5.097893] (custom_msg_svrs) StdoutLine: {'line': b'[ 97%] \x1b[32m\x1b[1mLinking C shared module rosidl_generator_py/custom_msg_svrs/custom_msg_svrs_s__rosidl_typesupport_introspection_c.so\x1b[0m\n'}
[5.103524] (custom_msg_svrs) StdoutLine: {'line': b'[100%] \x1b[32m\x1b[1mLinking C shared module rosidl_generator_py/custom_msg_svrs/custom_msg_svrs_s__rosidl_typesupport_fastrtps_c.so\x1b[0m\n'}
[5.107946] (-) TimerEvent: {}
[5.130222] (custom_msg_svrs) StdoutLine: {'line': b'[100%] Built target custom_msg_svrs_s__rosidl_typesupport_introspection_c\n'}
[5.130432] (custom_msg_svrs) StdoutLine: {'line': b'[100%] Built target custom_msg_svrs_s__rosidl_typesupport_c\n'}
[5.138472] (custom_msg_svrs) StdoutLine: {'line': b'[100%] Built target custom_msg_svrs_s__rosidl_typesupport_fastrtps_c\n'}
[5.152102] (custom_msg_svrs) CommandEnded: {'returncode': 0}
[5.152736] (custom_msg_svrs) JobProgress: {'identifier': 'custom_msg_svrs', 'progress': 'install'}
[5.163247] (custom_msg_svrs) Command: {'cmd': ['/usr/bin/cmake', '--install', '/home/adrian/Desktop/ROS2_playground/SCARA_robot/software/ros_scara_ws/build/custom_msg_svrs'], 'cwd': '/home/adrian/Desktop/ROS2_playground/SCARA_robot/software/ros_scara_ws/build/custom_msg_svrs', 'env': OrderedDict({'TMUX': '/tmp/tmux-1000/default,6050,0', 'LANGUAGE': 'en_US:en', 'LC_TIME': 'es_MX.UTF-8', 'USER': 'adrian', 'GZ_CONFIG_PATH': '/opt/ros/jazzy/opt/gz_sim_vendor/share/gz:/opt/ros/jazzy/opt/sdformat_vendor/share/gz:/opt/ros/jazzy/opt/gz_gui_vendor/share/gz:/opt/ros/jazzy/opt/gz_transport_vendor/share/gz:/opt/ros/jazzy/opt/gz_rendering_vendor/share/gz:/opt/ros/jazzy/opt/gz_plugin_vendor/share/gz:/opt/ros/jazzy/opt/gz_fuel_tools_vendor/share/gz:/opt/ros/jazzy/opt/gz_msgs_vendor/share/gz:/opt/ros/jazzy/opt/gz_common_vendor/share/gz', 'PT8HOME': '/opt/pt', 'XDG_SESSION_TYPE': 'x11', 'LD_LIBRARY_PATH': '/home/adrian/Desktop/ROS2_playground/SCARA_robot/software/ros_scara_ws/install/custom_msg_svrs/lib:/opt/ros/jazzy/opt/gz_sim_vendor/lib:/opt/ros/jazzy/opt/gz_sensors_vendor/lib:/opt/ros/jazzy/opt/gz_physics_vendor/lib:/opt/ros/jazzy/opt/sdformat_vendor/lib:/opt/ros/jazzy/opt/rviz_ogre_vendor/lib:/opt/ros/jazzy/lib/x86_64-linux-gnu:/opt/ros/jazzy/opt/gz_gui_vendor/lib:/opt/ros/jazzy/opt/gz_transport_vendor/lib:/opt/ros/jazzy/opt/gz_rendering_vendor/lib:/opt/ros/jazzy/opt/gz_plugin_vendor/lib:/opt/ros/jazzy/opt/gz_fuel_tools_vendor/lib:/opt/ros/jazzy/opt/gz_msgs_vendor/lib:/opt/ros/jazzy/opt/gz_common_vendor/lib:/opt/ros/jazzy/opt/gz_math_vendor/lib:/opt/ros/jazzy/opt/gz_utils_vendor/lib:/opt/ros/jazzy/opt/gz_tools_vendor/lib:/opt/ros/jazzy/opt/gz_ogre_next_vendor/lib:/opt/ros/jazzy/opt/gz_dartsim_vendor/lib:/opt/ros/jazzy/opt/gz_cmake_vendor/lib:/opt/ros/jazzy/lib', 'SHLVL': '2', 'HOME': '/home/adrian', 'OLDPWD': '/home/adrian/Desktop/ROS2_playground/SCARA_robot/software/ros_scara_ws', 'DESKTOP_SESSION': 'ubuntu', 'TERM_PROGRAM_VERSION': '3.4', 'GNOME_SHELL_SESSION_MODE': 'ubuntu', 'GTK_MODULES': 'gail:atk-bridge', 'ROS_PYTHON_VERSION': '3', 'LC_MONETARY': 'es_MX.UTF-8', 'DBUS_SESSION_BUS_ADDRESS': 'unix:path=/run/user/1000/bus', 'GSM_SKIP_SSH_AGENT_WORKAROUND': 'true', 'P9K_TTY': 'old', 'SYSTEMD_EXEC_PID': '2363', 'COLORTERM': 'truecolor', 'DEBUGINFOD_URLS': 'https://debuginfod.ubuntu.com', 'GNOME_KEYRING_CONTROL': '/run/user/1000/keyring', 'ZPFX': '/home/adrian/.local/share/zinit/polaris', 'ROS_DISTRO': 'jazzy', 'COLCON_PREFIX_PATH': '/home/adrian/Desktop/ROS2_playground/SCARA_robot/software/ros_scara_ws/install', 'LOGNAME': 'adrian', '_': '/usr/bin/colcon', '_P9K_SSH_TTY': '/dev/pts/5', 'MEMORY_PRESSURE_WATCH': '/sys/fs/cgroup/user.slice/user-1000.slice/user@1000.service/session.slice/org.gnome.SettingsDaemon.MediaKeys.service/memory.pressure', 'ROS_VERSION': '2', 'XDG_SESSION_CLASS': 'user', 'FUNCNEST': '100', 'TERM': 'screen-256color', 'USERNAME': 'adrian', 'GNOME_DESKTOP_SESSION_ID': 'this-is-deprecated', 'PMSPEC': '0uUpiPsf', 'WINDOWPATH': '2', 'ZSH_CACHE_DIR': '/home/adrian/.cache/zinit', 'PATH': '/opt/ros/jazzy/opt/gz_msgs_vendor/bin:/opt/ros/jazzy/opt/gz_tools_vendor/bin:/opt/ros/jazzy/opt/gz_ogre_next_vendor/bin:/opt/ros/jazzy/bin:/home/adrian/.local/share/zinit/polaris/bin:/home/adrian/.local/bin:/usr/local/sbin:/usr/local/bin:/usr/sbin:/usr/bin:/sbin:/bin:/usr/games:/usr/local/games:/snap/bin:/snap/bin', 'PAPERSIZE': 'letter', 'SESSION_MANAGER': 'local/laptop:@/tmp/.ICE-unix/2196,unix/laptop:/tmp/.ICE-unix/2196', 'GNOME_TERMINAL_SCREEN': '/org/gnome/Terminal/screen/2bf9bf70_1ad7_4f5c_b254_fe3dbd211890', 'LC_ADDRESS': 'es_MX.UTF-8', 'XDG_MENU_PREFIX': 'gnome-', 'XDG_RUNTIME_DIR': '/run/user/1000', 'DISPLAY': ':0', 'LANG': 'en_US.UTF-8', 'LC_TELEPHONE': 'es_MX.UTF-8', 'XDG_CURRENT_DESKTOP': 'ubuntu:GNOME', 'GNOME_TERMINAL_SERVICE': ':1.134', 'TERM_PROGRAM': 'tmux', 'XAUTHORITY': '/run/user/1000/gdm/Xauthority', 'XDG_SESSION_DESKTOP': 'ubuntu', 'XMODIFIERS': '@im=ibus', 'AMENT_PREFIX_PATH': '/home/adrian/Desktop/ROS2_playground/SCARA_robot/software/ros_scara_ws/install/scara_control:/home/adrian/Desktop/ROS2_playground/SCARA_robot/software/ros_scara_ws/install/custom_msg_svrs:/opt/ros/jazzy', 'ROS_DOMAIN_ID': '0', 'SSH_AUTH_SOCK': '/run/user/1000/keyring/ssh', 'LC_NAME': 'es_MX.UTF-8', 'SHELL': '/bin/zsh', 'GDMSESSION': 'ubuntu', 'QT_ACCESSIBILITY': '1', 'IGN_GAZEBO_RESOURCE_PATH': '/opt/ros/jazzy/share', 'LC_MEASUREMENT': 'es_MX.UTF-8', 'GPG_AGENT_INFO': '/run/user/1000/gnupg/S.gpg-agent:0:1', 'LC_IDENTIFICATION': 'es_MX.UTF-8', 'P9K_SSH': '0', 'QT_IM_MODULE': 'ibus', 'ROS_AUTOMATIC_DISCOVERY_RANGE': 'SUBNET', 'LC_ALL': 'en_US.UTF-8', 'PWD': '/home/adrian/Desktop/ROS2_playground/SCARA_robot/software/ros_scara_ws/build/custom_msg_svrs', 'XDG_CONFIG_DIRS': '/etc/xdg/xdg-ubuntu:/etc/xdg', 'XDG_DATA_DIRS': '/usr/share/ubuntu:/usr/share/gnome:/usr/local/share/:/usr/share/:/var/lib/snapd/desktop', '_P9K_TTY': '/dev/pts/5', 'LC_NUMERIC': 'es_MX.UTF-8', 'PYTHONPATH': '/home/adrian/Desktop/ROS2_playground/SCARA_robot/software/ros_scara_ws/install/scara_control/lib/python3.12/site-packages:/home/adrian/Desktop/ROS2_playground/SCARA_robot/software/ros_scara_ws/install/custom_msg_svrs/lib/python3.12/site-packages:/opt/ros/jazzy/lib/python3.12/site-packages', 'LC_PAPER': 'es_MX.UTF-8', 'TMUX_PLUGIN_MANAGER_PATH': '/home/adrian/.tmux/plugins/', 'COLCON': '1', 'MEMORY_PRESSURE_WRITE': 'c29tZSAyMDAwMDAgMjAwMDAwMAA=', 'TMUX_PANE': '%12', 'VTE_VERSION': '7600', 'CMAKE_PREFIX_PATH': '/home/adrian/Desktop/ROS2_playground/SCARA_robot/software/ros_scara_ws/install/custom_msg_svrs:/opt/ros/jazzy/opt/gz_sim_vendor:/opt/ros/jazzy/opt/gz_sensors_vendor:/opt/ros/jazzy/opt/gz_physics_vendor:/opt/ros/jazzy/opt/sdformat_vendor:/opt/ros/jazzy/opt/gz_gui_vendor:/opt/ros/jazzy/opt/gz_transport_vendor:/opt/ros/jazzy/opt/gz_rendering_vendor:/opt/ros/jazzy/opt/gz_plugin_vendor:/opt/ros/jazzy/opt/gz_fuel_tools_vendor:/opt/ros/jazzy/opt/gz_msgs_vendor:/opt/ros/jazzy/opt/gz_common_vendor:/opt/ros/jazzy/opt/gz_math_vendor:/opt/ros/jazzy/opt/gz_utils_vendor:/opt/ros/jazzy/opt/gz_tools_vendor:/opt/ros/jazzy/opt/gz_ogre_next_vendor:/opt/ros/jazzy/opt/gz_dartsim_vendor:/opt/ros/jazzy/opt/gz_cmake_vendor:/home/adrian/Desktop/ROS2_playground/SCARA_robot/software/ros_scara_ws/install/scara_control:/opt/ros/jazzy', 'LIBGL_DRIVERS_PATH': '/usr/lib/x86_64-linux-gnu/dri'}), 'shell': False}
[5.172489] (custom_msg_svrs) StdoutLine: {'line': b'-- Install configuration: ""\n'}
[5.172703] (custom_msg_svrs) StdoutLine: {'line': b'-- Installing: /home/adrian/Desktop/ROS2_playground/SCARA_robot/software/ros_scara_ws/install/custom_msg_svrs/share/ament_index/resource_index/rosidl_interfaces/custom_msg_svrs\n'}
[5.173003] (custom_msg_svrs) StdoutLine: {'line': b'-- Installing: /home/adrian/Desktop/ROS2_playground/SCARA_robot/software/ros_scara_ws/install/custom_msg_svrs/share/custom_msg_svrs/srv/MotorControl.json\n'}
[5.173162] (custom_msg_svrs) StdoutLine: {'line': b'-- Installing: /home/adrian/Desktop/ROS2_playground/SCARA_robot/software/ros_scara_ws/install/custom_msg_svrs/include/custom_msg_svrs/custom_msg_svrs\n'}
[5.173299] (custom_msg_svrs) StdoutLine: {'line': b'-- Installing: /home/adrian/Desktop/ROS2_playground/SCARA_robot/software/ros_scara_ws/install/custom_msg_svrs/include/custom_msg_svrs/custom_msg_svrs/srv\n'}
[5.173386] (custom_msg_svrs) StdoutLine: {'line': b'-- Installing: /home/adrian/Desktop/ROS2_playground/SCARA_robot/software/ros_scara_ws/install/custom_msg_svrs/include/custom_msg_svrs/custom_msg_svrs/srv/motor_control.h\n'}
[5.173492] (custom_msg_svrs) StdoutLine: {'line': b'-- Installing: /home/adrian/Desktop/ROS2_playground/SCARA_robot/software/ros_scara_ws/install/custom_msg_svrs/include/custom_msg_svrs/custom_msg_svrs/srv/detail\n'}
[5.173585] (custom_msg_svrs) StdoutLine: {'line': b'-- Installing: /home/adrian/Desktop/ROS2_playground/SCARA_robot/software/ros_scara_ws/install/custom_msg_svrs/include/custom_msg_svrs/custom_msg_svrs/srv/detail/motor_control__functions.h\n'}
[5.173726] (custom_msg_svrs) StdoutLine: {'line': b'-- Installing: /home/adrian/Desktop/ROS2_playground/SCARA_robot/software/ros_scara_ws/install/custom_msg_svrs/include/custom_msg_svrs/custom_msg_svrs/srv/detail/motor_control__functions.c\n'}
[5.173991] (custom_msg_svrs) StdoutLine: {'line': b'-- Installing: /home/adrian/Desktop/ROS2_playground/SCARA_robot/software/ros_scara_ws/install/custom_msg_svrs/include/custom_msg_svrs/custom_msg_svrs/srv/detail/motor_control__description.c\n'}
[5.174128] (custom_msg_svrs) StdoutLine: {'line': b'-- Installing: /home/adrian/Desktop/ROS2_playground/SCARA_robot/software/ros_scara_ws/install/custom_msg_svrs/include/custom_msg_svrs/custom_msg_svrs/srv/detail/motor_control__type_support.h\n'}
[5.174247] (custom_msg_svrs) StdoutLine: {'line': b'-- Installing: /home/adrian/Desktop/ROS2_playground/SCARA_robot/software/ros_scara_ws/install/custom_msg_svrs/include/custom_msg_svrs/custom_msg_svrs/srv/detail/motor_control__struct.h\n'}
[5.174448] (custom_msg_svrs) StdoutLine: {'line': b'-- Installing: /home/adrian/Desktop/ROS2_playground/SCARA_robot/software/ros_scara_ws/install/custom_msg_svrs/include/custom_msg_svrs/custom_msg_svrs/srv/detail/motor_control__type_support.c\n'}
[5.174580] (custom_msg_svrs) StdoutLine: {'line': b'-- Installing: /home/adrian/Desktop/ROS2_playground/SCARA_robot/software/ros_scara_ws/install/custom_msg_svrs/include/custom_msg_svrs/custom_msg_svrs/msg\n'}
[5.174693] (custom_msg_svrs) StdoutLine: {'line': b'-- Installing: /home/adrian/Desktop/ROS2_playground/SCARA_robot/software/ros_scara_ws/install/custom_msg_svrs/include/custom_msg_svrs/custom_msg_svrs/msg/rosidl_generator_c__visibility_control.h\n'}
[5.174907] (custom_msg_svrs) StdoutLine: {'line': b'-- Installing: /home/adrian/Desktop/ROS2_playground/SCARA_robot/software/ros_scara_ws/install/custom_msg_svrs/share/custom_msg_svrs/environment/library_path.sh\n'}
[5.175058] (custom_msg_svrs) StdoutLine: {'line': b'-- Installing: /home/adrian/Desktop/ROS2_playground/SCARA_robot/software/ros_scara_ws/install/custom_msg_svrs/share/custom_msg_svrs/environment/library_path.dsv\n'}
[5.175310] (custom_msg_svrs) StdoutLine: {'line': b'-- Installing: /home/adrian/Desktop/ROS2_playground/SCARA_robot/software/ros_scara_ws/install/custom_msg_svrs/lib/libcustom_msg_svrs__rosidl_generator_c.so\n'}
[5.175716] (custom_msg_svrs) StdoutLine: {'line': b'-- Set non-toolchain portion of runtime path of "/home/adrian/Desktop/ROS2_playground/SCARA_robot/software/ros_scara_ws/install/custom_msg_svrs/lib/libcustom_msg_svrs__rosidl_generator_c.so" to ""\n'}
[5.175846] (custom_msg_svrs) StdoutLine: {'line': b'-- Up-to-date: /home/adrian/Desktop/ROS2_playground/SCARA_robot/software/ros_scara_ws/install/custom_msg_svrs/include/custom_msg_svrs/custom_msg_svrs\n'}
[5.175951] (custom_msg_svrs) StdoutLine: {'line': b'-- Up-to-date: /home/adrian/Desktop/ROS2_playground/SCARA_robot/software/ros_scara_ws/install/custom_msg_svrs/include/custom_msg_svrs/custom_msg_svrs/srv\n'}
[5.176014] (custom_msg_svrs) StdoutLine: {'line': b'-- Up-to-date: /home/adrian/Desktop/ROS2_playground/SCARA_robot/software/ros_scara_ws/install/custom_msg_svrs/include/custom_msg_svrs/custom_msg_svrs/srv/detail\n'}
[5.176097] (custom_msg_svrs) StdoutLine: {'line': b'-- Installing: /home/adrian/Desktop/ROS2_playground/SCARA_robot/software/ros_scara_ws/install/custom_msg_svrs/include/custom_msg_svrs/custom_msg_svrs/srv/detail/motor_control__rosidl_typesupport_fastrtps_c.h\n'}
[5.176205] (custom_msg_svrs) StdoutLine: {'line': b'-- Up-to-date: /home/adrian/Desktop/ROS2_playground/SCARA_robot/software/ros_scara_ws/install/custom_msg_svrs/include/custom_msg_svrs/custom_msg_svrs/msg\n'}
[5.176287] (custom_msg_svrs) StdoutLine: {'line': b'-- Installing: /home/adrian/Desktop/ROS2_playground/SCARA_robot/software/ros_scara_ws/install/custom_msg_svrs/include/custom_msg_svrs/custom_msg_svrs/msg/rosidl_typesupport_fastrtps_c__visibility_control.h\n'}
[5.176384] (custom_msg_svrs) StdoutLine: {'line': b'-- Installing: /home/adrian/Desktop/ROS2_playground/SCARA_robot/software/ros_scara_ws/install/custom_msg_svrs/lib/libcustom_msg_svrs__rosidl_typesupport_fastrtps_c.so\n'}
[5.176629] (custom_msg_svrs) StdoutLine: {'line': b'-- Set non-toolchain portion of runtime path of "/home/adrian/Desktop/ROS2_playground/SCARA_robot/software/ros_scara_ws/install/custom_msg_svrs/lib/libcustom_msg_svrs__rosidl_typesupport_fastrtps_c.so" to ""\n'}
[5.176736] (custom_msg_svrs) StdoutLine: {'line': b'-- Up-to-date: /home/adrian/Desktop/ROS2_playground/SCARA_robot/software/ros_scara_ws/install/custom_msg_svrs/include/custom_msg_svrs/custom_msg_svrs\n'}
[5.176859] (custom_msg_svrs) StdoutLine: {'line': b'-- Up-to-date: /home/adrian/Desktop/ROS2_playground/SCARA_robot/software/ros_scara_ws/install/custom_msg_svrs/include/custom_msg_svrs/custom_msg_svrs/srv\n'}
[5.176981] (custom_msg_svrs) StdoutLine: {'line': b'-- Up-to-date: /home/adrian/Desktop/ROS2_playground/SCARA_robot/software/ros_scara_ws/install/custom_msg_svrs/include/custom_msg_svrs/custom_msg_svrs/srv/detail\n'}
[5.177062] (custom_msg_svrs) StdoutLine: {'line': b'-- Installing: /home/adrian/Desktop/ROS2_playground/SCARA_robot/software/ros_scara_ws/install/custom_msg_svrs/include/custom_msg_svrs/custom_msg_svrs/srv/detail/motor_control__rosidl_typesupport_introspection_c.h\n'}
[5.177165] (custom_msg_svrs) StdoutLine: {'line': b'-- Up-to-date: /home/adrian/Desktop/ROS2_playground/SCARA_robot/software/ros_scara_ws/install/custom_msg_svrs/include/custom_msg_svrs/custom_msg_svrs/srv/detail/motor_control__type_support.c\n'}
[5.177228] (custom_msg_svrs) StdoutLine: {'line': b'-- Up-to-date: /home/adrian/Desktop/ROS2_playground/SCARA_robot/software/ros_scara_ws/install/custom_msg_svrs/include/custom_msg_svrs/custom_msg_svrs/msg\n'}
[5.177282] (custom_msg_svrs) StdoutLine: {'line': b'-- Installing: /home/adrian/Desktop/ROS2_playground/SCARA_robot/software/ros_scara_ws/install/custom_msg_svrs/include/custom_msg_svrs/custom_msg_svrs/msg/rosidl_typesupport_introspection_c__visibility_control.h\n'}
[5.177335] (custom_msg_svrs) StdoutLine: {'line': b'-- Installing: /home/adrian/Desktop/ROS2_playground/SCARA_robot/software/ros_scara_ws/install/custom_msg_svrs/lib/libcustom_msg_svrs__rosidl_typesupport_introspection_c.so\n'}
[5.177488] (custom_msg_svrs) StdoutLine: {'line': b'-- Set non-toolchain portion of runtime path of "/home/adrian/Desktop/ROS2_playground/SCARA_robot/software/ros_scara_ws/install/custom_msg_svrs/lib/libcustom_msg_svrs__rosidl_typesupport_introspection_c.so" to ""\n'}
[5.177580] (custom_msg_svrs) StdoutLine: {'line': b'-- Installing: /home/adrian/Desktop/ROS2_playground/SCARA_robot/software/ros_scara_ws/install/custom_msg_svrs/lib/libcustom_msg_svrs__rosidl_typesupport_c.so\n'}
[5.177882] (custom_msg_svrs) StdoutLine: {'line': b'-- Set non-toolchain portion of runtime path of "/home/adrian/Desktop/ROS2_playground/SCARA_robot/software/ros_scara_ws/install/custom_msg_svrs/lib/libcustom_msg_svrs__rosidl_typesupport_c.so" to ""\n'}
[5.178026] (custom_msg_svrs) StdoutLine: {'line': b'-- Up-to-date: /home/adrian/Desktop/ROS2_playground/SCARA_robot/software/ros_scara_ws/install/custom_msg_svrs/include/custom_msg_svrs/custom_msg_svrs\n'}
[5.178089] (custom_msg_svrs) StdoutLine: {'line': b'-- Up-to-date: /home/adrian/Desktop/ROS2_playground/SCARA_robot/software/ros_scara_ws/install/custom_msg_svrs/include/custom_msg_svrs/custom_msg_svrs/srv\n'}
[5.178167] (custom_msg_svrs) StdoutLine: {'line': b'-- Installing: /home/adrian/Desktop/ROS2_playground/SCARA_robot/software/ros_scara_ws/install/custom_msg_svrs/include/custom_msg_svrs/custom_msg_svrs/srv/motor_control.hpp\n'}
[5.178272] (custom_msg_svrs) StdoutLine: {'line': b'-- Up-to-date: /home/adrian/Desktop/ROS2_playground/SCARA_robot/software/ros_scara_ws/install/custom_msg_svrs/include/custom_msg_svrs/custom_msg_svrs/srv/detail\n'}
[5.178354] (custom_msg_svrs) StdoutLine: {'line': b'-- Installing: /home/adrian/Desktop/ROS2_playground/SCARA_robot/software/ros_scara_ws/install/custom_msg_svrs/include/custom_msg_svrs/custom_msg_svrs/srv/detail/motor_control__struct.hpp\n'}
[5.178458] (custom_msg_svrs) StdoutLine: {'line': b'-- Installing: /home/adrian/Desktop/ROS2_playground/SCARA_robot/software/ros_scara_ws/install/custom_msg_svrs/include/custom_msg_svrs/custom_msg_svrs/srv/detail/motor_control__traits.hpp\n'}
[5.178520] (custom_msg_svrs) StdoutLine: {'line': b'-- Installing: /home/adrian/Desktop/ROS2_playground/SCARA_robot/software/ros_scara_ws/install/custom_msg_svrs/include/custom_msg_svrs/custom_msg_svrs/srv/detail/motor_control__type_support.hpp\n'}
[5.178615] (custom_msg_svrs) StdoutLine: {'line': b'-- Installing: /home/adrian/Desktop/ROS2_playground/SCARA_robot/software/ros_scara_ws/install/custom_msg_svrs/include/custom_msg_svrs/custom_msg_svrs/srv/detail/motor_control__builder.hpp\n'}
[5.178711] (custom_msg_svrs) StdoutLine: {'line': b'-- Up-to-date: /home/adrian/Desktop/ROS2_playground/SCARA_robot/software/ros_scara_ws/install/custom_msg_svrs/include/custom_msg_svrs/custom_msg_svrs/msg\n'}
[5.178808] (custom_msg_svrs) StdoutLine: {'line': b'-- Installing: /home/adrian/Desktop/ROS2_playground/SCARA_robot/software/ros_scara_ws/install/custom_msg_svrs/include/custom_msg_svrs/custom_msg_svrs/msg/rosidl_generator_cpp__visibility_control.hpp\n'}
[5.178932] (custom_msg_svrs) StdoutLine: {'line': b'-- Up-to-date: /home/adrian/Desktop/ROS2_playground/SCARA_robot/software/ros_scara_ws/install/custom_msg_svrs/include/custom_msg_svrs/custom_msg_svrs\n'}
[5.179032] (custom_msg_svrs) StdoutLine: {'line': b'-- Up-to-date: /home/adrian/Desktop/ROS2_playground/SCARA_robot/software/ros_scara_ws/install/custom_msg_svrs/include/custom_msg_svrs/custom_msg_svrs/srv\n'}
[5.179109] (custom_msg_svrs) StdoutLine: {'line': b'-- Up-to-date: /home/adrian/Desktop/ROS2_playground/SCARA_robot/software/ros_scara_ws/install/custom_msg_svrs/include/custom_msg_svrs/custom_msg_svrs/srv/detail\n'}
[5.179218] (custom_msg_svrs) StdoutLine: {'line': b'-- Installing: /home/adrian/Desktop/ROS2_playground/SCARA_robot/software/ros_scara_ws/install/custom_msg_svrs/include/custom_msg_svrs/custom_msg_svrs/srv/detail/motor_control__rosidl_typesupport_fastrtps_cpp.hpp\n'}
[5.179295] (custom_msg_svrs) StdoutLine: {'line': b'-- Installing: /home/adrian/Desktop/ROS2_playground/SCARA_robot/software/ros_scara_ws/install/custom_msg_svrs/include/custom_msg_svrs/custom_msg_svrs/srv/detail/dds_fastrtps\n'}
[5.179397] (custom_msg_svrs) StdoutLine: {'line': b'-- Up-to-date: /home/adrian/Desktop/ROS2_playground/SCARA_robot/software/ros_scara_ws/install/custom_msg_svrs/include/custom_msg_svrs/custom_msg_svrs/msg\n'}
[5.179478] (custom_msg_svrs) StdoutLine: {'line': b'-- Installing: /home/adrian/Desktop/ROS2_playground/SCARA_robot/software/ros_scara_ws/install/custom_msg_svrs/include/custom_msg_svrs/custom_msg_svrs/msg/rosidl_typesupport_fastrtps_cpp__visibility_control.h\n'}
[5.179572] (custom_msg_svrs) StdoutLine: {'line': b'-- Installing: /home/adrian/Desktop/ROS2_playground/SCARA_robot/software/ros_scara_ws/install/custom_msg_svrs/lib/libcustom_msg_svrs__rosidl_typesupport_fastrtps_cpp.so\n'}
[5.179888] (custom_msg_svrs) StdoutLine: {'line': b'-- Set non-toolchain portion of runtime path of "/home/adrian/Desktop/ROS2_playground/SCARA_robot/software/ros_scara_ws/install/custom_msg_svrs/lib/libcustom_msg_svrs__rosidl_typesupport_fastrtps_cpp.so" to ""\n'}
[5.180015] (custom_msg_svrs) StdoutLine: {'line': b'-- Up-to-date: /home/adrian/Desktop/ROS2_playground/SCARA_robot/software/ros_scara_ws/install/custom_msg_svrs/include/custom_msg_svrs/custom_msg_svrs\n'}
[5.180096] (custom_msg_svrs) StdoutLine: {'line': b'-- Up-to-date: /home/adrian/Desktop/ROS2_playground/SCARA_robot/software/ros_scara_ws/install/custom_msg_svrs/include/custom_msg_svrs/custom_msg_svrs/srv\n'}
[5.180187] (custom_msg_svrs) StdoutLine: {'line': b'-- Up-to-date: /home/adrian/Desktop/ROS2_playground/SCARA_robot/software/ros_scara_ws/install/custom_msg_svrs/include/custom_msg_svrs/custom_msg_svrs/srv/detail\n'}
[5.180263] (custom_msg_svrs) StdoutLine: {'line': b'-- Installing: /home/adrian/Desktop/ROS2_playground/SCARA_robot/software/ros_scara_ws/install/custom_msg_svrs/include/custom_msg_svrs/custom_msg_svrs/srv/detail/motor_control__rosidl_typesupport_introspection_cpp.hpp\n'}
[5.180365] (custom_msg_svrs) StdoutLine: {'line': b'-- Installing: /home/adrian/Desktop/ROS2_playground/SCARA_robot/software/ros_scara_ws/install/custom_msg_svrs/include/custom_msg_svrs/custom_msg_svrs/srv/detail/motor_control__type_support.cpp\n'}
[5.180425] (custom_msg_svrs) StdoutLine: {'line': b'-- Installing: /home/adrian/Desktop/ROS2_playground/SCARA_robot/software/ros_scara_ws/install/custom_msg_svrs/lib/libcustom_msg_svrs__rosidl_typesupport_introspection_cpp.so\n'}
[5.180803] (custom_msg_svrs) StdoutLine: {'line': b'-- Set non-toolchain portion of runtime path of "/home/adrian/Desktop/ROS2_playground/SCARA_robot/software/ros_scara_ws/install/custom_msg_svrs/lib/libcustom_msg_svrs__rosidl_typesupport_introspection_cpp.so" to ""\n'}
[5.180912] (custom_msg_svrs) StdoutLine: {'line': b'-- Installing: /home/adrian/Desktop/ROS2_playground/SCARA_robot/software/ros_scara_ws/install/custom_msg_svrs/lib/libcustom_msg_svrs__rosidl_typesupport_cpp.so\n'}
[5.181291] (custom_msg_svrs) StdoutLine: {'line': b'-- Set non-toolchain portion of runtime path of "/home/adrian/Desktop/ROS2_playground/SCARA_robot/software/ros_scara_ws/install/custom_msg_svrs/lib/libcustom_msg_svrs__rosidl_typesupport_cpp.so" to ""\n'}
[5.181391] (custom_msg_svrs) StdoutLine: {'line': b'-- Installing: /home/adrian/Desktop/ROS2_playground/SCARA_robot/software/ros_scara_ws/install/custom_msg_svrs/share/custom_msg_svrs/environment/pythonpath.sh\n'}
[5.181481] (custom_msg_svrs) StdoutLine: {'line': b'-- Installing: /home/adrian/Desktop/ROS2_playground/SCARA_robot/software/ros_scara_ws/install/custom_msg_svrs/share/custom_msg_svrs/environment/pythonpath.dsv\n'}
[5.181660] (custom_msg_svrs) StdoutLine: {'line': b'-- Installing: /home/adrian/Desktop/ROS2_playground/SCARA_robot/software/ros_scara_ws/install/custom_msg_svrs/lib/python3.12/site-packages/custom_msg_svrs-0.0.0-py3.12.egg-info\n'}
[5.181800] (custom_msg_svrs) StdoutLine: {'line': b'-- Installing: /home/adrian/Desktop/ROS2_playground/SCARA_robot/software/ros_scara_ws/install/custom_msg_svrs/lib/python3.12/site-packages/custom_msg_svrs-0.0.0-py3.12.egg-info/PKG-INFO\n'}
[5.181992] (custom_msg_svrs) StdoutLine: {'line': b'-- Installing: /home/adrian/Desktop/ROS2_playground/SCARA_robot/software/ros_scara_ws/install/custom_msg_svrs/lib/python3.12/site-packages/custom_msg_svrs-0.0.0-py3.12.egg-info/dependency_links.txt\n'}
[5.182181] (custom_msg_svrs) StdoutLine: {'line': b'-- Installing: /home/adrian/Desktop/ROS2_playground/SCARA_robot/software/ros_scara_ws/install/custom_msg_svrs/lib/python3.12/site-packages/custom_msg_svrs-0.0.0-py3.12.egg-info/top_level.txt\n'}
[5.182300] (custom_msg_svrs) StdoutLine: {'line': b'-- Installing: /home/adrian/Desktop/ROS2_playground/SCARA_robot/software/ros_scara_ws/install/custom_msg_svrs/lib/python3.12/site-packages/custom_msg_svrs-0.0.0-py3.12.egg-info/SOURCES.txt\n'}
[5.182511] (custom_msg_svrs) StdoutLine: {'line': b'-- Installing: /home/adrian/Desktop/ROS2_playground/SCARA_robot/software/ros_scara_ws/install/custom_msg_svrs/lib/python3.12/site-packages/custom_msg_svrs\n'}
[5.182602] (custom_msg_svrs) StdoutLine: {'line': b'-- Installing: /home/adrian/Desktop/ROS2_playground/SCARA_robot/software/ros_scara_ws/install/custom_msg_svrs/lib/python3.12/site-packages/custom_msg_svrs/custom_msg_svrs_s__rosidl_typesupport_fastrtps_c.so\n'}
[5.182742] (custom_msg_svrs) StdoutLine: {'line': b'-- Installing: /home/adrian/Desktop/ROS2_playground/SCARA_robot/software/ros_scara_ws/install/custom_msg_svrs/lib/python3.12/site-packages/custom_msg_svrs/srv\n'}
[5.182827] (custom_msg_svrs) StdoutLine: {'line': b'-- Installing: /home/adrian/Desktop/ROS2_playground/SCARA_robot/software/ros_scara_ws/install/custom_msg_svrs/lib/python3.12/site-packages/custom_msg_svrs/srv/_motor_control.py\n'}
[5.183146] (custom_msg_svrs) StdoutLine: {'line': b'-- Installing: /home/adrian/Desktop/ROS2_playground/SCARA_robot/software/ros_scara_ws/install/custom_msg_svrs/lib/python3.12/site-packages/custom_msg_svrs/srv/_motor_control_s.c\n'}
[5.183278] (custom_msg_svrs) StdoutLine: {'line': b'-- Installing: /home/adrian/Desktop/ROS2_playground/SCARA_robot/software/ros_scara_ws/install/custom_msg_svrs/lib/python3.12/site-packages/custom_msg_svrs/srv/__init__.py\n'}
[5.183398] (custom_msg_svrs) StdoutLine: {'line': b'-- Installing: /home/adrian/Desktop/ROS2_playground/SCARA_robot/software/ros_scara_ws/install/custom_msg_svrs/lib/python3.12/site-packages/custom_msg_svrs/_custom_msg_svrs_s.ep.rosidl_typesupport_c.c\n'}
[5.183528] (custom_msg_svrs) StdoutLine: {'line': b'-- Installing: /home/adrian/Desktop/ROS2_playground/SCARA_robot/software/ros_scara_ws/install/custom_msg_svrs/lib/python3.12/site-packages/custom_msg_svrs/custom_msg_svrs_s__rosidl_typesupport_c.so\n'}
[5.183666] (custom_msg_svrs) StdoutLine: {'line': b'-- Installing: /home/adrian/Desktop/ROS2_playground/SCARA_robot/software/ros_scara_ws/install/custom_msg_svrs/lib/python3.12/site-packages/custom_msg_svrs/custom_msg_svrs_s__rosidl_typesupport_introspection_c.so\n'}
[5.183800] (custom_msg_svrs) StdoutLine: {'line': b'-- Installing: /home/adrian/Desktop/ROS2_playground/SCARA_robot/software/ros_scara_ws/install/custom_msg_svrs/lib/python3.12/site-packages/custom_msg_svrs/__init__.py\n'}
[5.183929] (custom_msg_svrs) StdoutLine: {'line': b'-- Installing: /home/adrian/Desktop/ROS2_playground/SCARA_robot/software/ros_scara_ws/install/custom_msg_svrs/lib/python3.12/site-packages/custom_msg_svrs/_custom_msg_svrs_s.ep.rosidl_typesupport_introspection_c.c\n'}
[5.184062] (custom_msg_svrs) StdoutLine: {'line': b'-- Installing: /home/adrian/Desktop/ROS2_playground/SCARA_robot/software/ros_scara_ws/install/custom_msg_svrs/lib/python3.12/site-packages/custom_msg_svrs/_custom_msg_svrs_s.ep.rosidl_typesupport_fastrtps_c.c\n'}
[5.208047] (-) TimerEvent: {}
[5.218246] (custom_msg_svrs) StdoutLine: {'line': b"Listing '/home/adrian/Desktop/ROS2_playground/SCARA_robot/software/ros_scara_ws/install/custom_msg_svrs/lib/python3.12/site-packages/custom_msg_svrs'...\n"}
[5.218444] (custom_msg_svrs) StdoutLine: {'line': b"Compiling '/home/adrian/Desktop/ROS2_playground/SCARA_robot/software/ros_scara_ws/install/custom_msg_svrs/lib/python3.12/site-packages/custom_msg_svrs/__init__.py'...\n"}
[5.218516] (custom_msg_svrs) StdoutLine: {'line': b"Listing '/home/adrian/Desktop/ROS2_playground/SCARA_robot/software/ros_scara_ws/install/custom_msg_svrs/lib/python3.12/site-packages/custom_msg_svrs/srv'...\n"}
[5.218577] (custom_msg_svrs) StdoutLine: {'line': b"Compiling '/home/adrian/Desktop/ROS2_playground/SCARA_robot/software/ros_scara_ws/install/custom_msg_svrs/lib/python3.12/site-packages/custom_msg_svrs/srv/__init__.py'...\n"}
[5.218638] (custom_msg_svrs) StdoutLine: {'line': b"Compiling '/home/adrian/Desktop/ROS2_playground/SCARA_robot/software/ros_scara_ws/install/custom_msg_svrs/lib/python3.12/site-packages/custom_msg_svrs/srv/_motor_control.py'...\n"}
[5.223278] (custom_msg_svrs) StdoutLine: {'line': b'-- Installing: /home/adrian/Desktop/ROS2_playground/SCARA_robot/software/ros_scara_ws/install/custom_msg_svrs/lib/python3.12/site-packages/custom_msg_svrs/custom_msg_svrs_s__rosidl_typesupport_fastrtps_c.so\n'}
[5.223641] (custom_msg_svrs) StdoutLine: {'line': b'-- Set non-toolchain portion of runtime path of "/home/adrian/Desktop/ROS2_playground/SCARA_robot/software/ros_scara_ws/install/custom_msg_svrs/lib/python3.12/site-packages/custom_msg_svrs/custom_msg_svrs_s__rosidl_typesupport_fastrtps_c.so" to ""\n'}
[5.223866] (custom_msg_svrs) StdoutLine: {'line': b'-- Installing: /home/adrian/Desktop/ROS2_playground/SCARA_robot/software/ros_scara_ws/install/custom_msg_svrs/lib/python3.12/site-packages/custom_msg_svrs/custom_msg_svrs_s__rosidl_typesupport_introspection_c.so\n'}
[5.224223] (custom_msg_svrs) StdoutLine: {'line': b'-- Set non-toolchain portion of runtime path of "/home/adrian/Desktop/ROS2_playground/SCARA_robot/software/ros_scara_ws/install/custom_msg_svrs/lib/python3.12/site-packages/custom_msg_svrs/custom_msg_svrs_s__rosidl_typesupport_introspection_c.so" to ""\n'}
[5.224426] (custom_msg_svrs) StdoutLine: {'line': b'-- Installing: /home/adrian/Desktop/ROS2_playground/SCARA_robot/software/ros_scara_ws/install/custom_msg_svrs/lib/python3.12/site-packages/custom_msg_svrs/custom_msg_svrs_s__rosidl_typesupport_c.so\n'}
[5.224771] (custom_msg_svrs) StdoutLine: {'line': b'-- Set non-toolchain portion of runtime path of "/home/adrian/Desktop/ROS2_playground/SCARA_robot/software/ros_scara_ws/install/custom_msg_svrs/lib/python3.12/site-packages/custom_msg_svrs/custom_msg_svrs_s__rosidl_typesupport_c.so" to ""\n'}
[5.224871] (custom_msg_svrs) StdoutLine: {'line': b'-- Installing: /home/adrian/Desktop/ROS2_playground/SCARA_robot/software/ros_scara_ws/install/custom_msg_svrs/lib/libcustom_msg_svrs__rosidl_generator_py.so\n'}
[5.225280] (custom_msg_svrs) StdoutLine: {'line': b'-- Set non-toolchain portion of runtime path of "/home/adrian/Desktop/ROS2_playground/SCARA_robot/software/ros_scara_ws/install/custom_msg_svrs/lib/libcustom_msg_svrs__rosidl_generator_py.so" to ""\n'}
[5.225396] (custom_msg_svrs) StdoutLine: {'line': b'-- Installing: /home/adrian/Desktop/ROS2_playground/SCARA_robot/software/ros_scara_ws/install/custom_msg_svrs/share/custom_msg_svrs/srv/MotorControl.idl\n'}
[5.225513] (custom_msg_svrs) StdoutLine: {'line': b'-- Installing: /home/adrian/Desktop/ROS2_playground/SCARA_robot/software/ros_scara_ws/install/custom_msg_svrs/share/custom_msg_svrs/srv/MotorControl.srv\n'}
[5.225701] (custom_msg_svrs) StdoutLine: {'line': b'-- Installing: /home/adrian/Desktop/ROS2_playground/SCARA_robot/software/ros_scara_ws/install/custom_msg_svrs/share/ament_index/resource_index/package_run_dependencies/custom_msg_svrs\n'}
[5.225997] (custom_msg_svrs) StdoutLine: {'line': b'-- Installing: /home/adrian/Desktop/ROS2_playground/SCARA_robot/software/ros_scara_ws/install/custom_msg_svrs/share/ament_index/resource_index/parent_prefix_path/custom_msg_svrs\n'}
[5.226236] (custom_msg_svrs) StdoutLine: {'line': b'-- Installing: /home/adrian/Desktop/ROS2_playground/SCARA_robot/software/ros_scara_ws/install/custom_msg_svrs/share/custom_msg_svrs/environment/ament_prefix_path.sh\n'}
[5.226394] (custom_msg_svrs) StdoutLine: {'line': b'-- Installing: /home/adrian/Desktop/ROS2_playground/SCARA_robot/software/ros_scara_ws/install/custom_msg_svrs/share/custom_msg_svrs/environment/ament_prefix_path.dsv\n'}
[5.226601] (custom_msg_svrs) StdoutLine: {'line': b'-- Installing: /home/adrian/Desktop/ROS2_playground/SCARA_robot/software/ros_scara_ws/install/custom_msg_svrs/share/custom_msg_svrs/environment/path.sh\n'}
[5.226762] (custom_msg_svrs) StdoutLine: {'line': b'-- Installing: /home/adrian/Desktop/ROS2_playground/SCARA_robot/software/ros_scara_ws/install/custom_msg_svrs/share/custom_msg_svrs/environment/path.dsv\n'}
[5.227015] (custom_msg_svrs) StdoutLine: {'line': b'-- Installing: /home/adrian/Desktop/ROS2_playground/SCARA_robot/software/ros_scara_ws/install/custom_msg_svrs/share/custom_msg_svrs/local_setup.bash\n'}
[5.227180] (custom_msg_svrs) StdoutLine: {'line': b'-- Installing: /home/adrian/Desktop/ROS2_playground/SCARA_robot/software/ros_scara_ws/install/custom_msg_svrs/share/custom_msg_svrs/local_setup.sh\n'}
[5.227342] (custom_msg_svrs) StdoutLine: {'line': b'-- Installing: /home/adrian/Desktop/ROS2_playground/SCARA_robot/software/ros_scara_ws/install/custom_msg_svrs/share/custom_msg_svrs/local_setup.zsh\n'}
[5.227500] (custom_msg_svrs) StdoutLine: {'line': b'-- Installing: /home/adrian/Desktop/ROS2_playground/SCARA_robot/software/ros_scara_ws/install/custom_msg_svrs/share/custom_msg_svrs/local_setup.dsv\n'}
[5.227704] (custom_msg_svrs) StdoutLine: {'line': b'-- Installing: /home/adrian/Desktop/ROS2_playground/SCARA_robot/software/ros_scara_ws/install/custom_msg_svrs/share/custom_msg_svrs/package.dsv\n'}
[5.227996] (custom_msg_svrs) StdoutLine: {'line': b'-- Installing: /home/adrian/Desktop/ROS2_playground/SCARA_robot/software/ros_scara_ws/install/custom_msg_svrs/share/ament_index/resource_index/packages/custom_msg_svrs\n'}
[5.228194] (custom_msg_svrs) StdoutLine: {'line': b'-- Installing: /home/adrian/Desktop/ROS2_playground/SCARA_robot/software/ros_scara_ws/install/custom_msg_svrs/share/custom_msg_svrs/cmake/export_custom_msg_svrs__rosidl_generator_cExport.cmake\n'}
[5.228353] (custom_msg_svrs) StdoutLine: {'line': b'-- Installing: /home/adrian/Desktop/ROS2_playground/SCARA_robot/software/ros_scara_ws/install/custom_msg_svrs/share/custom_msg_svrs/cmake/export_custom_msg_svrs__rosidl_generator_cExport-noconfig.cmake\n'}
[5.228513] (custom_msg_svrs) StdoutLine: {'line': b'-- Installing: /home/adrian/Desktop/ROS2_playground/SCARA_robot/software/ros_scara_ws/install/custom_msg_svrs/share/custom_msg_svrs/cmake/export_custom_msg_svrs__rosidl_typesupport_fastrtps_cExport.cmake\n'}
[5.228668] (custom_msg_svrs) StdoutLine: {'line': b'-- Installing: /home/adrian/Desktop/ROS2_playground/SCARA_robot/software/ros_scara_ws/install/custom_msg_svrs/share/custom_msg_svrs/cmake/export_custom_msg_svrs__rosidl_typesupport_fastrtps_cExport-noconfig.cmake\n'}
[5.228818] (custom_msg_svrs) StdoutLine: {'line': b'-- Installing: /home/adrian/Desktop/ROS2_playground/SCARA_robot/software/ros_scara_ws/install/custom_msg_svrs/share/custom_msg_svrs/cmake/custom_msg_svrs__rosidl_typesupport_introspection_cExport.cmake\n'}
[5.228973] (custom_msg_svrs) StdoutLine: {'line': b'-- Installing: /home/adrian/Desktop/ROS2_playground/SCARA_robot/software/ros_scara_ws/install/custom_msg_svrs/share/custom_msg_svrs/cmake/custom_msg_svrs__rosidl_typesupport_introspection_cExport-noconfig.cmake\n'}
[5.229136] (custom_msg_svrs) StdoutLine: {'line': b'-- Installing: /home/adrian/Desktop/ROS2_playground/SCARA_robot/software/ros_scara_ws/install/custom_msg_svrs/share/custom_msg_svrs/cmake/custom_msg_svrs__rosidl_typesupport_cExport.cmake\n'}
[5.229289] (custom_msg_svrs) StdoutLine: {'line': b'-- Installing: /home/adrian/Desktop/ROS2_playground/SCARA_robot/software/ros_scara_ws/install/custom_msg_svrs/share/custom_msg_svrs/cmake/custom_msg_svrs__rosidl_typesupport_cExport-noconfig.cmake\n'}
[5.229453] (custom_msg_svrs) StdoutLine: {'line': b'-- Installing: /home/adrian/Desktop/ROS2_playground/SCARA_robot/software/ros_scara_ws/install/custom_msg_svrs/share/custom_msg_svrs/cmake/export_custom_msg_svrs__rosidl_generator_cppExport.cmake\n'}
[5.229614] (custom_msg_svrs) StdoutLine: {'line': b'-- Installing: /home/adrian/Desktop/ROS2_playground/SCARA_robot/software/ros_scara_ws/install/custom_msg_svrs/share/custom_msg_svrs/cmake/export_custom_msg_svrs__rosidl_typesupport_fastrtps_cppExport.cmake\n'}
[5.229771] (custom_msg_svrs) StdoutLine: {'line': b'-- Installing: /home/adrian/Desktop/ROS2_playground/SCARA_robot/software/ros_scara_ws/install/custom_msg_svrs/share/custom_msg_svrs/cmake/export_custom_msg_svrs__rosidl_typesupport_fastrtps_cppExport-noconfig.cmake\n'}
[5.229937] (custom_msg_svrs) StdoutLine: {'line': b'-- Installing: /home/adrian/Desktop/ROS2_playground/SCARA_robot/software/ros_scara_ws/install/custom_msg_svrs/share/custom_msg_svrs/cmake/custom_msg_svrs__rosidl_typesupport_introspection_cppExport.cmake\n'}
[5.230084] (custom_msg_svrs) StdoutLine: {'line': b'-- Installing: /home/adrian/Desktop/ROS2_playground/SCARA_robot/software/ros_scara_ws/install/custom_msg_svrs/share/custom_msg_svrs/cmake/custom_msg_svrs__rosidl_typesupport_introspection_cppExport-noconfig.cmake\n'}
[5.230239] (custom_msg_svrs) StdoutLine: {'line': b'-- Installing: /home/adrian/Desktop/ROS2_playground/SCARA_robot/software/ros_scara_ws/install/custom_msg_svrs/share/custom_msg_svrs/cmake/custom_msg_svrs__rosidl_typesupport_cppExport.cmake\n'}
[5.230387] (custom_msg_svrs) StdoutLine: {'line': b'-- Installing: /home/adrian/Desktop/ROS2_playground/SCARA_robot/software/ros_scara_ws/install/custom_msg_svrs/share/custom_msg_svrs/cmake/custom_msg_svrs__rosidl_typesupport_cppExport-noconfig.cmake\n'}
[5.230542] (custom_msg_svrs) StdoutLine: {'line': b'-- Installing: /home/adrian/Desktop/ROS2_playground/SCARA_robot/software/ros_scara_ws/install/custom_msg_svrs/share/custom_msg_svrs/cmake/export_custom_msg_svrs__rosidl_generator_pyExport.cmake\n'}
[5.230690] (custom_msg_svrs) StdoutLine: {'line': b'-- Installing: /home/adrian/Desktop/ROS2_playground/SCARA_robot/software/ros_scara_ws/install/custom_msg_svrs/share/custom_msg_svrs/cmake/export_custom_msg_svrs__rosidl_generator_pyExport-noconfig.cmake\n'}
[5.230841] (custom_msg_svrs) StdoutLine: {'line': b'-- Installing: /home/adrian/Desktop/ROS2_playground/SCARA_robot/software/ros_scara_ws/install/custom_msg_svrs/share/custom_msg_svrs/cmake/rosidl_cmake-extras.cmake\n'}
[5.230994] (custom_msg_svrs) StdoutLine: {'line': b'-- Installing: /home/adrian/Desktop/ROS2_playground/SCARA_robot/software/ros_scara_ws/install/custom_msg_svrs/share/custom_msg_svrs/cmake/ament_cmake_export_dependencies-extras.cmake\n'}
[5.231136] (custom_msg_svrs) StdoutLine: {'line': b'-- Installing: /home/adrian/Desktop/ROS2_playground/SCARA_robot/software/ros_scara_ws/install/custom_msg_svrs/share/custom_msg_svrs/cmake/ament_cmake_export_include_directories-extras.cmake\n'}
[5.231283] (custom_msg_svrs) StdoutLine: {'line': b'-- Installing: /home/adrian/Desktop/ROS2_playground/SCARA_robot/software/ros_scara_ws/install/custom_msg_svrs/share/custom_msg_svrs/cmake/ament_cmake_export_libraries-extras.cmake\n'}
[5.231427] (custom_msg_svrs) StdoutLine: {'line': b'-- Installing: /home/adrian/Desktop/ROS2_playground/SCARA_robot/software/ros_scara_ws/install/custom_msg_svrs/share/custom_msg_svrs/cmake/ament_cmake_export_targets-extras.cmake\n'}
[5.231567] (custom_msg_svrs) StdoutLine: {'line': b'-- Installing: /home/adrian/Desktop/ROS2_playground/SCARA_robot/software/ros_scara_ws/install/custom_msg_svrs/share/custom_msg_svrs/cmake/rosidl_cmake_export_typesupport_targets-extras.cmake\n'}
[5.231713] (custom_msg_svrs) StdoutLine: {'line': b'-- Installing: /home/adrian/Desktop/ROS2_playground/SCARA_robot/software/ros_scara_ws/install/custom_msg_svrs/share/custom_msg_svrs/cmake/rosidl_cmake_export_typesupport_libraries-extras.cmake\n'}
[5.231871] (custom_msg_svrs) StdoutLine: {'line': b'-- Installing: /home/adrian/Desktop/ROS2_playground/SCARA_robot/software/ros_scara_ws/install/custom_msg_svrs/share/custom_msg_svrs/cmake/custom_msg_svrsConfig.cmake\n'}
[5.232002] (custom_msg_svrs) StdoutLine: {'line': b'-- Installing: /home/adrian/Desktop/ROS2_playground/SCARA_robot/software/ros_scara_ws/install/custom_msg_svrs/share/custom_msg_svrs/cmake/custom_msg_svrsConfig-version.cmake\n'}
[5.232140] (custom_msg_svrs) StdoutLine: {'line': b'-- Installing: /home/adrian/Desktop/ROS2_playground/SCARA_robot/software/ros_scara_ws/install/custom_msg_svrs/share/custom_msg_svrs/package.xml\n'}
[5.234420] (custom_msg_svrs) CommandEnded: {'returncode': 0}
[5.251879] (custom_msg_svrs) JobEnded: {'identifier': 'custom_msg_svrs', 'rc': 0}
[5.252749] (scara_control) JobStarted: {'identifier': 'scara_control'}
[5.308136] (-) TimerEvent: {}
[5.408352] (-) TimerEvent: {}
[5.508586] (-) TimerEvent: {}
[5.608806] (-) TimerEvent: {}
[5.709071] (-) TimerEvent: {}
[5.809301] (-) TimerEvent: {}
[5.909521] (-) TimerEvent: {}
[5.990531] (scara_control) Command: {'cmd': ['/usr/bin/python3', '-W', 'ignore:setup.py install is deprecated', '-W', 'ignore:easy_install command is deprecated', 'setup.py', 'egg_info', '--egg-base', '../../build/scara_control', 'build', '--build-base', '/home/adrian/Desktop/ROS2_playground/SCARA_robot/software/ros_scara_ws/build/scara_control/build', 'install', '--record', '/home/adrian/Desktop/ROS2_playground/SCARA_robot/software/ros_scara_ws/build/scara_control/install.log', '--single-version-externally-managed', 'install_data'], 'cwd': '/home/adrian/Desktop/ROS2_playground/SCARA_robot/software/ros_scara_ws/src/scara_control', 'env': {'TMUX': '/tmp/tmux-1000/default,6050,0', 'LANGUAGE': 'en_US:en', 'LC_TIME': 'es_MX.UTF-8', 'USER': 'adrian', 'GZ_CONFIG_PATH': '/opt/ros/jazzy/opt/gz_sim_vendor/share/gz:/opt/ros/jazzy/opt/sdformat_vendor/share/gz:/opt/ros/jazzy/opt/gz_gui_vendor/share/gz:/opt/ros/jazzy/opt/gz_transport_vendor/share/gz:/opt/ros/jazzy/opt/gz_rendering_vendor/share/gz:/opt/ros/jazzy/opt/gz_plugin_vendor/share/gz:/opt/ros/jazzy/opt/gz_fuel_tools_vendor/share/gz:/opt/ros/jazzy/opt/gz_msgs_vendor/share/gz:/opt/ros/jazzy/opt/gz_common_vendor/share/gz', 'PT8HOME': '/opt/pt', 'XDG_SESSION_TYPE': 'x11', 'LD_LIBRARY_PATH': '/home/adrian/Desktop/ROS2_playground/SCARA_robot/software/ros_scara_ws/install/custom_msg_svrs/lib:/opt/ros/jazzy/opt/gz_sim_vendor/lib:/opt/ros/jazzy/opt/gz_sensors_vendor/lib:/opt/ros/jazzy/opt/gz_physics_vendor/lib:/opt/ros/jazzy/opt/sdformat_vendor/lib:/opt/ros/jazzy/opt/rviz_ogre_vendor/lib:/opt/ros/jazzy/lib/x86_64-linux-gnu:/opt/ros/jazzy/opt/gz_gui_vendor/lib:/opt/ros/jazzy/opt/gz_transport_vendor/lib:/opt/ros/jazzy/opt/gz_rendering_vendor/lib:/opt/ros/jazzy/opt/gz_plugin_vendor/lib:/opt/ros/jazzy/opt/gz_fuel_tools_vendor/lib:/opt/ros/jazzy/opt/gz_msgs_vendor/lib:/opt/ros/jazzy/opt/gz_common_vendor/lib:/opt/ros/jazzy/opt/gz_math_vendor/lib:/opt/ros/jazzy/opt/gz_utils_vendor/lib:/opt/ros/jazzy/opt/gz_tools_vendor/lib:/opt/ros/jazzy/opt/gz_ogre_next_vendor/lib:/opt/ros/jazzy/opt/gz_dartsim_vendor/lib:/opt/ros/jazzy/opt/gz_cmake_vendor/lib:/opt/ros/jazzy/lib', 'SHLVL': '2', 'HOME': '/home/adrian', 'OLDPWD': '/home/adrian/Desktop/ROS2_playground/SCARA_robot/software/ros_scara_ws', 'DESKTOP_SESSION': 'ubuntu', 'TERM_PROGRAM_VERSION': '3.4', 'GNOME_SHELL_SESSION_MODE': 'ubuntu', 'GTK_MODULES': 'gail:atk-bridge', 'ROS_PYTHON_VERSION': '3', 'LC_MONETARY': 'es_MX.UTF-8', 'DBUS_SESSION_BUS_ADDRESS': 'unix:path=/run/user/1000/bus', 'GSM_SKIP_SSH_AGENT_WORKAROUND': 'true', 'P9K_TTY': 'old', 'SYSTEMD_EXEC_PID': '2363', 'COLORTERM': 'truecolor', 'DEBUGINFOD_URLS': 'https://debuginfod.ubuntu.com', 'GNOME_KEYRING_CONTROL': '/run/user/1000/keyring', 'ZPFX': '/home/adrian/.local/share/zinit/polaris', 'ROS_DISTRO': 'jazzy', 'COLCON_PREFIX_PATH': '/home/adrian/Desktop/ROS2_playground/SCARA_robot/software/ros_scara_ws/install', 'LOGNAME': 'adrian', '_': '/usr/bin/colcon', '_P9K_SSH_TTY': '/dev/pts/5', 'MEMORY_PRESSURE_WATCH': '/sys/fs/cgroup/user.slice/user-1000.slice/user@1000.service/session.slice/org.gnome.SettingsDaemon.MediaKeys.service/memory.pressure', 'ROS_VERSION': '2', 'XDG_SESSION_CLASS': 'user', 'FUNCNEST': '100', 'TERM': 'screen-256color', 'USERNAME': 'adrian', 'GNOME_DESKTOP_SESSION_ID': 'this-is-deprecated', 'PMSPEC': '0uUpiPsf', 'WINDOWPATH': '2', 'ZSH_CACHE_DIR': '/home/adrian/.cache/zinit', 'PATH': '/opt/ros/jazzy/opt/gz_msgs_vendor/bin:/opt/ros/jazzy/opt/gz_tools_vendor/bin:/opt/ros/jazzy/opt/gz_ogre_next_vendor/bin:/opt/ros/jazzy/bin:/home/adrian/.local/share/zinit/polaris/bin:/home/adrian/.local/bin:/usr/local/sbin:/usr/local/bin:/usr/sbin:/usr/bin:/sbin:/bin:/usr/games:/usr/local/games:/snap/bin:/snap/bin', 'PAPERSIZE': 'letter', 'SESSION_MANAGER': 'local/laptop:@/tmp/.ICE-unix/2196,unix/laptop:/tmp/.ICE-unix/2196', 'GNOME_TERMINAL_SCREEN': '/org/gnome/Terminal/screen/2bf9bf70_1ad7_4f5c_b254_fe3dbd211890', 'LC_ADDRESS': 'es_MX.UTF-8', 'XDG_MENU_PREFIX': 'gnome-', 'XDG_RUNTIME_DIR': '/run/user/1000', 'DISPLAY': ':0', 'LANG': 'en_US.UTF-8', 'LC_TELEPHONE': 'es_MX.UTF-8', 'XDG_CURRENT_DESKTOP': 'ubuntu:GNOME', 'GNOME_TERMINAL_SERVICE': ':1.134', 'TERM_PROGRAM': 'tmux', 'XAUTHORITY': '/run/user/1000/gdm/Xauthority', 'XDG_SESSION_DESKTOP': 'ubuntu', 'XMODIFIERS': '@im=ibus', 'AMENT_PREFIX_PATH': '/home/adrian/Desktop/ROS2_playground/SCARA_robot/software/ros_scara_ws/install/scara_control:/home/adrian/Desktop/ROS2_playground/SCARA_robot/software/ros_scara_ws/install/custom_msg_svrs:/opt/ros/jazzy', 'ROS_DOMAIN_ID': '0', 'SSH_AUTH_SOCK': '/run/user/1000/keyring/ssh', 'LC_NAME': 'es_MX.UTF-8', 'SHELL': '/bin/zsh', 'GDMSESSION': 'ubuntu', 'QT_ACCESSIBILITY': '1', 'IGN_GAZEBO_RESOURCE_PATH': '/opt/ros/jazzy/share', 'LC_MEASUREMENT': 'es_MX.UTF-8', 'GPG_AGENT_INFO': '/run/user/1000/gnupg/S.gpg-agent:0:1', 'LC_IDENTIFICATION': 'es_MX.UTF-8', 'P9K_SSH': '0', 'QT_IM_MODULE': 'ibus', 'ROS_AUTOMATIC_DISCOVERY_RANGE': 'SUBNET', 'LC_ALL': 'en_US.UTF-8', 'PWD': '/home/adrian/Desktop/ROS2_playground/SCARA_robot/software/ros_scara_ws/build/scara_control', 'XDG_CONFIG_DIRS': '/etc/xdg/xdg-ubuntu:/etc/xdg', 'XDG_DATA_DIRS': '/usr/share/ubuntu:/usr/share/gnome:/usr/local/share/:/usr/share/:/var/lib/snapd/desktop', '_P9K_TTY': '/dev/pts/5', 'LC_NUMERIC': 'es_MX.UTF-8', 'PYTHONPATH': '/home/adrian/Desktop/ROS2_playground/SCARA_robot/software/ros_scara_ws/build/scara_control/prefix_override:/usr/lib/python3/dist-packages/colcon_core/task/python/colcon_distutils_commands:/home/adrian/Desktop/ROS2_playground/SCARA_robot/software/ros_scara_ws/install/scara_control/lib/python3.12/site-packages:/home/adrian/Desktop/ROS2_playground/SCARA_robot/software/ros_scara_ws/install/custom_msg_svrs/lib/python3.12/site-packages:/home/adrian/Desktop/ROS2_playground/SCARA_robot/software/ros_scara_ws/install/scara_control/lib/python3.12/site-packages:/opt/ros/jazzy/lib/python3.12/site-packages', 'LC_PAPER': 'es_MX.UTF-8', 'TMUX_PLUGIN_MANAGER_PATH': '/home/adrian/.tmux/plugins/', 'COLCON': '1', 'MEMORY_PRESSURE_WRITE': 'c29tZSAyMDAwMDAgMjAwMDAwMAA=', 'TMUX_PANE': '%12', 'VTE_VERSION': '7600', 'CMAKE_PREFIX_PATH': '/home/adrian/Desktop/ROS2_playground/SCARA_robot/software/ros_scara_ws/install/custom_msg_svrs:/opt/ros/jazzy/opt/gz_sim_vendor:/opt/ros/jazzy/opt/gz_sensors_vendor:/opt/ros/jazzy/opt/gz_physics_vendor:/opt/ros/jazzy/opt/sdformat_vendor:/opt/ros/jazzy/opt/gz_gui_vendor:/opt/ros/jazzy/opt/gz_transport_vendor:/opt/ros/jazzy/opt/gz_rendering_vendor:/opt/ros/jazzy/opt/gz_plugin_vendor:/opt/ros/jazzy/opt/gz_fuel_tools_vendor:/opt/ros/jazzy/opt/gz_msgs_vendor:/opt/ros/jazzy/opt/gz_common_vendor:/opt/ros/jazzy/opt/gz_math_vendor:/opt/ros/jazzy/opt/gz_utils_vendor:/opt/ros/jazzy/opt/gz_tools_vendor:/opt/ros/jazzy/opt/gz_ogre_next_vendor:/opt/ros/jazzy/opt/gz_dartsim_vendor:/opt/ros/jazzy/opt/gz_cmake_vendor', 'LIBGL_DRIVERS_PATH': '/usr/lib/x86_64-linux-gnu/dri'}, 'shell': False}
[6.009608] (-) TimerEvent: {}
[6.110145] (-) TimerEvent: {}
[6.210390] (-) TimerEvent: {}
[6.236132] (scara_control) StdoutLine: {'line': b'running egg_info\n'}
[6.236475] (scara_control) StdoutLine: {'line': b'creating ../../build/scara_control/scara_control.egg-info\n'}
[6.255299] (scara_control) StdoutLine: {'line': b'writing ../../build/scara_control/scara_control.egg-info/PKG-INFO\n'}
[6.255521] (scara_control) StdoutLine: {'line': b'writing dependency_links to ../../build/scara_control/scara_control.egg-info/dependency_links.txt\n'}
[6.255656] (scara_control) StdoutLine: {'line': b'writing entry points to ../../build/scara_control/scara_control.egg-info/entry_points.txt\n'}
[6.255806] (scara_control) StdoutLine: {'line': b'writing requirements to ../../build/scara_control/scara_control.egg-info/requires.txt\n'}
[6.255990] (scara_control) StdoutLine: {'line': b'writing top-level names to ../../build/scara_control/scara_control.egg-info/top_level.txt\n'}
[6.256113] (scara_control) StdoutLine: {'line': b"writing manifest file '../../build/scara_control/scara_control.egg-info/SOURCES.txt'\n"}
[6.293331] (scara_control) StdoutLine: {'line': b"reading manifest file '../../build/scara_control/scara_control.egg-info/SOURCES.txt'\n"}
[6.293531] (scara_control) StdoutLine: {'line': b"adding license file 'LICENSE'\n"}
[6.293959] (scara_control) StdoutLine: {'line': b"writing manifest file '../../build/scara_control/scara_control.egg-info/SOURCES.txt'\n"}
[6.294121] (scara_control) StdoutLine: {'line': b'running build\n'}
[6.294212] (scara_control) StdoutLine: {'line': b'running build_py\n'}
[6.294342] (scara_control) StdoutLine: {'line': b'creating /home/adrian/Desktop/ROS2_playground/SCARA_robot/software/ros_scara_ws/build/scara_control/build\n'}
[6.294454] (scara_control) StdoutLine: {'line': b'creating /home/adrian/Desktop/ROS2_playground/SCARA_robot/software/ros_scara_ws/build/scara_control/build/lib\n'}
[6.294519] (scara_control) StdoutLine: {'line': b'creating /home/adrian/Desktop/ROS2_playground/SCARA_robot/software/ros_scara_ws/build/scara_control/build/lib/scara_control\n'}
[6.294602] (scara_control) StdoutLine: {'line': b'copying scara_control/__init__.py -> /home/adrian/Desktop/ROS2_playground/SCARA_robot/software/ros_scara_ws/build/scara_control/build/lib/scara_control\n'}
[6.294658] (scara_control) StdoutLine: {'line': b'copying scara_control/read_encoders_node.py -> /home/adrian/Desktop/ROS2_playground/SCARA_robot/software/ros_scara_ws/build/scara_control/build/lib/scara_control\n'}
[6.294747] (scara_control) StdoutLine: {'line': b'copying scara_control/move_motors_node.py -> /home/adrian/Desktop/ROS2_playground/SCARA_robot/software/ros_scara_ws/build/scara_control/build/lib/scara_control\n'}
[6.294918] (scara_control) StdoutLine: {'line': b'running install\n'}
[6.299930] (scara_control) StdoutLine: {'line': b'running install_lib\n'}
[6.310797] (-) TimerEvent: {}
[6.319302] (scara_control) StdoutLine: {'line': b'creating /home/adrian/Desktop/ROS2_playground/SCARA_robot/software/ros_scara_ws/install/scara_control/lib/python3.12/site-packages/scara_control\n'}
[6.319709] (scara_control) StdoutLine: {'line': b'copying /home/adrian/Desktop/ROS2_playground/SCARA_robot/software/ros_scara_ws/build/scara_control/build/lib/scara_control/__init__.py -> /home/adrian/Desktop/ROS2_playground/SCARA_robot/software/ros_scara_ws/install/scara_control/lib/python3.12/site-packages/scara_control\n'}
[6.319813] (scara_control) StdoutLine: {'line': b'copying /home/adrian/Desktop/ROS2_playground/SCARA_robot/software/ros_scara_ws/build/scara_control/build/lib/scara_control/read_encoders_node.py -> /home/adrian/Desktop/ROS2_playground/SCARA_robot/software/ros_scara_ws/install/scara_control/lib/python3.12/site-packages/scara_control\n'}
[6.319891] (scara_control) StdoutLine: {'line': b'copying /home/adrian/Desktop/ROS2_playground/SCARA_robot/software/ros_scara_ws/build/scara_control/build/lib/scara_control/move_motors_node.py -> /home/adrian/Desktop/ROS2_playground/SCARA_robot/software/ros_scara_ws/install/scara_control/lib/python3.12/site-packages/scara_control\n'}
[6.320157] (scara_control) StdoutLine: {'line': b'byte-compiling /home/adrian/Desktop/ROS2_playground/SCARA_robot/software/ros_scara_ws/install/scara_control/lib/python3.12/site-packages/scara_control/__init__.py to __init__.cpython-312.pyc\n'}
[6.320381] (scara_control) StdoutLine: {'line': b'byte-compiling /home/adrian/Desktop/ROS2_playground/SCARA_robot/software/ros_scara_ws/install/scara_control/lib/python3.12/site-packages/scara_control/read_encoders_node.py to read_encoders_node.cpython-312.pyc\n'}
[6.321069] (scara_control) StdoutLine: {'line': b'byte-compiling /home/adrian/Desktop/ROS2_playground/SCARA_robot/software/ros_scara_ws/install/scara_control/lib/python3.12/site-packages/scara_control/move_motors_node.py to move_motors_node.cpython-312.pyc\n'}
[6.321601] (scara_control) StdoutLine: {'line': b'running install_data\n'}
[6.321698] (scara_control) StdoutLine: {'line': b'creating /home/adrian/Desktop/ROS2_playground/SCARA_robot/software/ros_scara_ws/install/scara_control/share/ament_index\n'}
[6.321783] (scara_control) StdoutLine: {'line': b'creating /home/adrian/Desktop/ROS2_playground/SCARA_robot/software/ros_scara_ws/install/scara_control/share/ament_index/resource_index\n'}
[6.321865] (scara_control) StdoutLine: {'line': b'creating /home/adrian/Desktop/ROS2_playground/SCARA_robot/software/ros_scara_ws/install/scara_control/share/ament_index/resource_index/packages\n'}
[6.321968] (scara_control) StdoutLine: {'line': b'copying resource/scara_control -> /home/adrian/Desktop/ROS2_playground/SCARA_robot/software/ros_scara_ws/install/scara_control/share/ament_index/resource_index/packages\n'}
[6.322073] (scara_control) StdoutLine: {'line': b'copying package.xml -> /home/adrian/Desktop/ROS2_playground/SCARA_robot/software/ros_scara_ws/install/scara_control/share/scara_control\n'}
[6.322192] (scara_control) StdoutLine: {'line': b'running install_egg_info\n'}
[6.342799] (scara_control) StdoutLine: {'line': b'Copying ../../build/scara_control/scara_control.egg-info to /home/adrian/Desktop/ROS2_playground/SCARA_robot/software/ros_scara_ws/install/scara_control/lib/python3.12/site-packages/scara_control-0.0.0-py3.12.egg-info\n'}
[6.344143] (scara_control) StdoutLine: {'line': b'running install_scripts\n'}
[6.410897] (-) TimerEvent: {}
[6.471983] (scara_control) StdoutLine: {'line': b'Installing move_motor_node script to /home/adrian/Desktop/ROS2_playground/SCARA_robot/software/ros_scara_ws/install/scara_control/lib/scara_control\n'}
[6.472286] (scara_control) StdoutLine: {'line': b'Installing read_encoders_node script to /home/adrian/Desktop/ROS2_playground/SCARA_robot/software/ros_scara_ws/install/scara_control/lib/scara_control\n'}
[6.472501] (scara_control) StdoutLine: {'line': b"writing list of installed files to '/home/adrian/Desktop/ROS2_playground/SCARA_robot/software/ros_scara_ws/build/scara_control/install.log'\n"}
[6.497343] (scara_control) CommandEnded: {'returncode': 0}
[6.502185] (scara_control) JobEnded: {'identifier': 'scara_control', 'rc': 0}
[6.502823] (-) EventReactorShutdown: {}
