running egg_info
writing ../../build/scara_control/scara_control.egg-info/PKG-INFO
writing dependency_links to ../../build/scara_control/scara_control.egg-info/dependency_links.txt
writing entry points to ../../build/scara_control/scara_control.egg-info/entry_points.txt
writing requirements to ../../build/scara_control/scara_control.egg-info/requires.txt
writing top-level names to ../../build/scara_control/scara_control.egg-info/top_level.txt
reading manifest file '../../build/scara_control/scara_control.egg-info/SOURCES.txt'
adding license file 'LICENSE'
writing manifest file '../../build/scara_control/scara_control.egg-info/SOURCES.txt'
running build
running build_py
running install
running install_lib
running install_data
running install_egg_info
removing '/home/adrian/Desktop/ROS2_playground/SCARA_robot/software/ros_scara_ws/install/scara_control/lib/python3.12/site-packages/scara_control-0.0.0-py3.12.egg-info' (and everything under it)
Copying ../../build/scara_control/scara_control.egg-info to /home/adrian/Desktop/ROS2_playground/SCARA_robot/software/ros_scara_ws/install/scara_control/lib/python3.12/site-packages/scara_control-0.0.0-py3.12.egg-info
running install_scripts
Installing move_motor_node script to /home/adrian/Desktop/ROS2_playground/SCARA_robot/software/ros_scara_ws/install/scara_control/lib/scara_control
Installing read_encoders_node script to /home/adrian/Desktop/ROS2_playground/SCARA_robot/software/ros_scara_ws/install/scara_control/lib/scara_control
writing list of installed files to '/home/adrian/Desktop/ROS2_playground/SCARA_robot/software/ros_scara_ws/build/scara_control/install.log'
